<?xml version="1.0" encoding="UTF-8"?><testsuite errors="0" failures="0" name="Feedback widget" skipped="4" tests="4" time="9.14" timestamp="2017-04-93 06:11:03"><testcase name="(feedback widget) Check that Feedback widget Elements are shown"><skipped/></testcase><testcase name="(feedback widget) Feedback widget Close button"><skipped/></testcase><testcase name="(feedback widget) Feedback widget error notifications for NAME field"><skipped/></testcase><testcase name="(feedback widget) Feedback widget error notifications for Email field"><skipped/></testcase></testsuite>