<?xml version="1.0" encoding="UTF-8"?><testsuite errors="0" failures="1" name="User apps" skipped="0" tests="9" time="184.93" timestamp="2017-04-93 05:49:32"><testcase name="(developer-acct.ticketmaster.com/user/1554/apps/add) Verification for general page's elements"/><testcase name="(Pantheon|Add new App) Add new App negative [2.1.15 Add New App - The required field is empty]"/><testcase name="(Pantheon|Add new App) [2.1.5 Add new App with values positive]"/><testcase name="(Pantheon|Edit App) Edit app with empty required fields negative"/><testcase name="(Pantheon|Edit App) Edit app positive [2.1.8 Edit application]"/><testcase name="(Pantheon|Delete App) Delete App positive [2.1.9 Delete application]"><failure type="java.lang.AssertionError"/><system-err>null
bla.tm.steps.pantheon.UserAppsSteps.checkIsAppNotExists(UserAppsSteps.java:76)
bla.tm.definitions.site.pantheon.UserAppsDefinition.appIsRemovedFromTheListOfApps(UserAppsDefinition.java:84)
</system-err></testcase></testsuite>