-------------------------------------------------------------------------------
Test set: bla.tm.DevSiteTestsRunner
-------------------------------------------------------------------------------
Tests run: 860, Failures: 9, Errors: 0, Skipped: 9, Time elapsed: 1,710.775 sec <<< FAILURE! - in bla.tm.DevSiteTestsRunner
Then check general page elements for Pantheon User Account page(bla.tm.definitions.site.pantheon.UserAccountDefinition)  Time elapsed: 0.689 sec  <<< FAILURE!
org.junit.ComparisonFailure: 
expected:<T[here are no applications here.
Create something]!> but was:<T[HESE ARE YOUR APPS!
EXPLORE THEM]!>
	at bla.tm.definitions.site.pantheon.UserAccountDefinition.checkGeneralPageElements(UserAccountDefinition.java:27)

Scenario: |developer-acct.ticketmaster.com/user/1554/apps| Verification for general page's elements [2.2.3.4 Login - Password field - enter valid password]  Time elapsed: 0.714 sec  <<< FAILURE!
java.lang.AssertionError: scenario failed!

UserAccount.story  Time elapsed: 0.847 sec  <<< FAILURE!
java.lang.AssertionError: story failed!

And the predefined app is removed from the list of apps(bla.tm.definitions.site.pantheon.UserAppsDefinition)  Time elapsed: 0.399 sec  <<< FAILURE!
java.lang.AssertionError
	at bla.tm.definitions.site.pantheon.UserAppsDefinition.appIsRemovedFromTheListOfApps(UserAppsDefinition.java:84)

Scenario: |Pantheon|Delete App| Delete App positive [2.1.9 Delete application]  Time elapsed: 0.414 sec  <<< FAILURE!
java.lang.AssertionError: scenario failed!

UserApps.story  Time elapsed: 0.481 sec  <<< FAILURE!
java.lang.AssertionError: story failed!

Then the event message is shown "No results were found"​​(bla.tm.definitions.site.widgets.CountdownWidgetDefinition)  Time elapsed: 1.413 sec  <<< FAILURE!
java.lang.AssertionError: Event message does not contains No results were found
	at bla.tm.definitions.site.widgets.CountdownWidgetDefinition.checkThatEventMessageIsShown(CountdownWidgetDefinition.java:192)

Scenario: |/products-and-docs/widgets/countdown/| Event message - Check event message for invalid Event ID  Time elapsed: 1.424 sec  <<< FAILURE!
java.lang.AssertionError: scenario failed!

CountdownWidget.story  Time elapsed: 1.487 sec  <<< FAILURE!
java.lang.AssertionError: story failed!

