<?xml version="1.0" encoding="UTF-8"?>
<testsuite xmlns:xsi="http://www.w3.org/2001/XMLSchema-instance" xsi:schemaLocation="https://maven.apache.org/surefire/maven-surefire-plugin/xsd/surefire-test-report.xsd" name="bla.tm.DevSiteTestsRunner" time="1,710.775" tests="860" errors="0" skipped="9" failures="9">
  <properties>
[...]
</properties>
  <testcase name="BeforeStories" classname="java.lang.Object" time="0.044"/>
  <testcase name="Given open Blogs page" classname="bla.tm.definitions.site.BlogsDefinition" time="5.148"/>
  <testcase name="Then check general page elements for page, where DISQUS = false and LeftMenu = false" classname="bla.tm.definitions.site.BlogsDefinition" time="40.32"/>
  <testcase name="Scenario: |/blogs/| Verification for general page&apos;s elements" classname="Scenario: |/blogs/| Verification for general page&apos;s elements" time="40.379"/>
  <testcase name="Blogs.story" classname="Blogs.story" time="40.535"/>
  <testcase name="Given open Events page" classname="bla.tm.definitions.site.EventsDefinition" time="3.491"/>
  <testcase name="Then check general page elements for Events Page, where DISQUS = false and LeftMenu = true" classname="bla.tm.definitions.site.EventsDefinition" time="10.292"/>
  <testcase name="Scenario: |/events/| Verification for general page&apos;s elements" classname="Scenario: |/events/| Verification for general page&apos;s elements" time="10.328"/>
  <testcase name="Events.story" classname="Events.story" time="10.395"/>
  <testcase name="Given open Home page" classname="bla.tm.definitions.site.HomePageDefinition" time="3.081"/>
  <testcase name="Then check general page elements for Home Page, where DISQUS = false and LeftMenu = false" classname="bla.tm.definitions.site.HomePageDefinition" time="20.346"/>
  <testcase name="Scenario: |/Home Page/| Verification for general page elements" classname="Scenario: |/Home Page/| Verification for general page elements" time="20.393"/>
  <testcase name="Given open Home page​" classname="bla.tm.definitions.site.HomePageDefinition" time="3.42"/>
  <testcase name="Then check that Twitter&apos;s list of events is shown" classname="bla.tm.definitions.site.HomePageDefinition" time="0.214"/>
  <testcase name="Scenario: |/Home Page/| Verification for twitter&apos;s list of events" classname="Scenario: |/Home Page/| Verification for twitter&apos;s list of events" time="0.241"/>
  <testcase name="Given open Home page​​" classname="bla.tm.definitions.site.HomePageDefinition" time="5.1"/>
  <testcase name="When check visibility and click &lt;elementKey&gt; element of Home page" classname="bla.tm.definitions.site.HomePageDefinition" time="1.725"/>
  <testcase name="Then check that new page opened from Home page has &lt;pageURL&gt; and &lt;elementLocation&gt;" classname="bla.tm.definitions.site.HomePageDefinition" time="0.256"/>
  <testcase name="Given open Home page​​​" classname="bla.tm.definitions.site.HomePageDefinition" time="3.021"/>
  <testcase name="When check visibility and click &lt;elementKey&gt; element of Home page​" classname="bla.tm.definitions.site.HomePageDefinition" time="1.86"/>
  <testcase name="Then check that new page opened from Home page has &lt;pageURL&gt; and &lt;elementLocation&gt;​" classname="bla.tm.definitions.site.HomePageDefinition" time="0.636"/>
  <testcase name="Given open Home page​​​​" classname="bla.tm.definitions.site.HomePageDefinition" time="2.567"/>
  <testcase name="When check visibility and click &lt;elementKey&gt; element of Home page​​" classname="bla.tm.definitions.site.HomePageDefinition" time="1.287"/>
  <testcase name="Then check that new page opened from Home page has &lt;pageURL&gt; and &lt;elementLocation&gt;​​" classname="bla.tm.definitions.site.HomePageDefinition" time="1.458"/>
  <testcase name="Given open Home page​​​​​" classname="bla.tm.definitions.site.HomePageDefinition" time="5.118"/>
  <testcase name="When check visibility and click &lt;elementKey&gt; element of Home page​​​" classname="bla.tm.definitions.site.HomePageDefinition" time="1.248"/>
  <testcase name="Then check that new page opened from Home page has &lt;pageURL&gt; and &lt;elementLocation&gt;​​​" classname="bla.tm.definitions.site.HomePageDefinition" time="0.028"/>
  <testcase name="Given open Home page​​​​​​" classname="bla.tm.definitions.site.HomePageDefinition" time="3.682"/>
  <testcase name="When check visibility and click &lt;elementKey&gt; element of Home page​​​​" classname="bla.tm.definitions.site.HomePageDefinition" time="0.353"/>
  <testcase name="Then check that new page opened from Home page has &lt;pageURL&gt; and &lt;elementLocation&gt;​​​​" classname="bla.tm.definitions.site.HomePageDefinition" time="0.025"/>
  <testcase name="Given open Home page​​​​​​​" classname="bla.tm.definitions.site.HomePageDefinition" time="2.212"/>
  <testcase name="When check visibility and click &lt;elementKey&gt; element of Home page​​​​​" classname="bla.tm.definitions.site.HomePageDefinition" time="0.462"/>
  <testcase name="Then check that new page opened from Home page has &lt;pageURL&gt; and &lt;elementLocation&gt;​​​​​" classname="bla.tm.definitions.site.HomePageDefinition" time="0.03"/>
  <testcase name="Given open Home page​​​​​​​​" classname="bla.tm.definitions.site.HomePageDefinition" time="4.429"/>
  <testcase name="When check visibility and click &lt;elementKey&gt; element of Home page​​​​​​" classname="bla.tm.definitions.site.HomePageDefinition" time="0.386"/>
  <testcase name="Then check that new page opened from Home page has &lt;pageURL&gt; and &lt;elementLocation&gt;​​​​​​" classname="bla.tm.definitions.site.HomePageDefinition" time="0.029"/>
  <testcase name="Given open Home page​​​​​​​​​" classname="bla.tm.definitions.site.HomePageDefinition" time="4.901"/>
  <testcase name="When check visibility and click &lt;elementKey&gt; element of Home page​​​​​​​" classname="bla.tm.definitions.site.HomePageDefinition" time="3.099"/>
  <testcase name="Then check that new page opened from Home page has &lt;pageURL&gt; and &lt;elementLocation&gt;​​​​​​​" classname="bla.tm.definitions.site.HomePageDefinition" time="0.269"/>
  <testcase name="Given open Home page​​​​​​​​​​" classname="bla.tm.definitions.site.HomePageDefinition" time="2.681"/>
  <testcase name="When check visibility and click &lt;elementKey&gt; element of Home page​​​​​​​​" classname="bla.tm.definitions.site.HomePageDefinition" time="1.465"/>
  <testcase name="Then check that new page opened from Home page has &lt;pageURL&gt; and &lt;elementLocation&gt;​​​​​​​​" classname="bla.tm.definitions.site.HomePageDefinition" time="0.033"/>
  <testcase name="Given open Home page​​​​​​​​​​​" classname="bla.tm.definitions.site.HomePageDefinition" time="2.081"/>
  <testcase name="When check visibility and click &lt;elementKey&gt; element of Home page​​​​​​​​​" classname="bla.tm.definitions.site.HomePageDefinition" time="1.759"/>
  <testcase name="Then check that new page opened from Home page has &lt;pageURL&gt; and &lt;elementLocation&gt;​​​​​​​​​" classname="bla.tm.definitions.site.HomePageDefinition" time="0.078"/>
  <testcase name="Given open Home page​​​​​​​​​​​​" classname="bla.tm.definitions.site.HomePageDefinition" time="2.372"/>
  <testcase name="When check visibility and click &lt;elementKey&gt; element of Home page​​​​​​​​​​" classname="bla.tm.definitions.site.HomePageDefinition" time="1.861"/>
  <testcase name="Then check that new page opened from Home page has &lt;pageURL&gt; and &lt;elementLocation&gt;​​​​​​​​​​" classname="bla.tm.definitions.site.HomePageDefinition" time="0.025"/>
  <testcase name="Scenario: |/Home Page/| Verification for all the page links" classname="Scenario: |/Home Page/| Verification for all the page links" time="0.088"/>
  <testcase name="Home.story" classname="Home.story" time="0.09"/>
  <testcase name="Given open Home page​​​​​​​​​​​​​" classname="bla.tm.definitions.site.HomePageDefinition" time="2.839"/>
  <testcase name="When check visibility and click &lt;elementKey&gt; element of Home page​​​​​​​​​​​" classname="bla.tm.definitions.site.HomePageDefinition" time="0.303"/>
  <testcase name="Then check that new page opened from Home page has &lt;pageURL&gt; and &lt;pageTitle&gt;" classname="bla.tm.definitions.site.HomePageDefinition" time="0.023"/>
  <testcase name="Scenario: |/blogs/| Verification for general page&apos;s elements​" classname="Scenario: |/blogs/| Verification for general page&apos;s elements​" time="0.086"/>
  <testcase name="OpenSource.story" classname="OpenSource.story" time="0.087"/>
  <testcase name="Given open Home page​​​​​​​​​​​​​​" classname="bla.tm.definitions.site.HomePageDefinition" time="3.778"/>
  <testcase name="And insert Search Parameter &lt;searchRequest&gt; and navigate to Search page" classname="bla.tm.definitions.site.SearchDefinition" time="0.355"/>
  <testcase name="Then check general page elements for Search Page, where DISQUS = false and LeftMenu = false" classname="bla.tm.definitions.site.SearchDefinition" time="21.989"/>
  <testcase name="Scenario: |/search/| Verification for general page&apos;s elements" classname="Scenario: |/search/| Verification for general page&apos;s elements" time="22.056"/>
  <testcase name="Search.story" classname="Search.story" time="22.057"/>
  <testcase name="Then check general page elements for Pantheon Create New Account page" classname="bla.tm.definitions.site.pantheon.CreateNewAccountDefinition" time="3.067"/>
  <testcase name="Then check general page elements for Pantheon Create New Account page" classname="bla.tm.definitions.site.pantheon.CreateNewAccountDefinition" time="2.884"/>
  <testcase name="Then check general page elements for Pantheon Create New Account page" classname="bla.tm.definitions.site.pantheon.CreateNewAccountDefinition" time="0.934"/>
  <testcase name="Then check general page elements for Pantheon Create New Account page" classname="bla.tm.definitions.site.pantheon.CreateNewAccountDefinition" time="20.229"/>
  <testcase name="Scenario: |developer-acct.ticketmaster.com/user/register| Verification for general page&apos;s elements" classname="Scenario: |developer-acct.ticketmaster.com/user/register| Verification for general page&apos;s elements" time="20.254"/>
  <testcase name="When enter register values on Create New Account Page:" classname="bla.tm.definitions.site.pantheon.CreateNewAccountDefinition" time="2.839"/>
  <testcase name="When click checkbox Terms of Use" classname="bla.tm.definitions.site.pantheon.CreateNewAccountDefinition" time="1.115"/>
  <testcase name="When click Create New Account on Register Page" classname="bla.tm.definitions.site.pantheon.CreateNewAccountDefinition" time="0.886"/>
  <testcase name="Then the message The answer you entered for the CAPTCHA was not correct. is displayed" classname="bla.tm.definitions.site.pantheon.UserAppsDefinition" time="0.68"/>
  <testcase name="Then the message The answer you entered for the CAPTCHA was not correct. is displayed" classname="bla.tm.definitions.site.pantheon.UserAppsDefinition" time="0.115"/>
  <testcase name="Then the message The answer you entered for the CAPTCHA was not correct. is displayed" classname="bla.tm.definitions.site.pantheon.UserAppsDefinition" time="1.523"/>
  <testcase name="Then the message The answer you entered for the CAPTCHA was not correct. is displayed" classname="bla.tm.definitions.site.pantheon.UserAppsDefinition" time="0.045"/>
  <testcase name="Scenario: |developer-acct.ticketmaster.com/user/register| [2.2.3.14 Create New Account - fail the CAPTCHA check]" classname="Scenario: |developer-acct.ticketmaster.com/user/register| [2.2.3.14 Create New Account - fail the CAPTCHA check]" time="0.07"/>
  <testcase name="When enter register values on Create New Account Page:​" classname="bla.tm.definitions.site.pantheon.CreateNewAccountDefinition" time="2.01"/>
  <testcase name="When click Create New Account on Register Page​" classname="bla.tm.definitions.site.pantheon.CreateNewAccountDefinition" time="0.969"/>
  <testcase name="Then the message I agree to the Terms of Use field is required. is displayed" classname="bla.tm.definitions.site.pantheon.UserAppsDefinition" time="0.879"/>
  <testcase name="Then the message I agree to the Terms of Use field is required. is displayed" classname="bla.tm.definitions.site.pantheon.UserAppsDefinition" time="0.651"/>
  <testcase name="Then the message I agree to the Terms of Use field is required. is displayed" classname="bla.tm.definitions.site.pantheon.UserAppsDefinition" time="1.751"/>
  <testcase name="Then the message I agree to the Terms of Use field is required. is displayed" classname="bla.tm.definitions.site.pantheon.UserAppsDefinition" time="0.145"/>
  <testcase name="Scenario: |developer-acct.ticketmaster.com/user/register| [2.2.3.31 Edit Profile - I Agree To The Terms &amp; Conditions checkbox]" classname="Scenario: |developer-acct.ticketmaster.com/user/register| [2.2.3.31 Edit Profile - I Agree To The Terms &amp; Conditions checkbox]" time="0.17"/>
  <testcase name="When enter register values on Create New Account Page:​​" classname="bla.tm.definitions.site.pantheon.CreateNewAccountDefinition" time="2.025"/>
  <testcase name="When click checkbox Terms of Use​" classname="bla.tm.definitions.site.pantheon.CreateNewAccountDefinition" time="0.937"/>
  <testcase name="When click Create New Account on Register Page​​" classname="bla.tm.definitions.site.pantheon.CreateNewAccountDefinition" time="0.872"/>
  <testcase name="Then the message First Name field is required. is displayed" classname="bla.tm.definitions.site.pantheon.UserAppsDefinition" time="0.67"/>
  <testcase name="Then the message First Name field is required. is displayed" classname="bla.tm.definitions.site.pantheon.UserAppsDefinition" time="0.114"/>
  <testcase name="Then the message First Name field is required. is displayed" classname="bla.tm.definitions.site.pantheon.UserAppsDefinition" time="0.868"/>
  <testcase name="Then the message First Name field is required. is displayed" classname="bla.tm.definitions.site.pantheon.UserAppsDefinition" time="0.141"/>
  <testcase name="Scenario: |developer-acct.ticketmaster.com/user/register| [Create New Account - First Name validation]" classname="Scenario: |developer-acct.ticketmaster.com/user/register| [Create New Account - First Name validation]" time="0.169"/>
  <testcase name="When enter register values on Create New Account Page:​​​" classname="bla.tm.definitions.site.pantheon.CreateNewAccountDefinition" time="1.996"/>
  <testcase name="When click checkbox Terms of Use​​" classname="bla.tm.definitions.site.pantheon.CreateNewAccountDefinition" time="0.911"/>
  <testcase name="When click Create New Account on Register Page​​​" classname="bla.tm.definitions.site.pantheon.CreateNewAccountDefinition" time="0.891"/>
  <testcase name="Then the message Last Name field is required. is displayed" classname="bla.tm.definitions.site.pantheon.UserAppsDefinition" time="0.644"/>
  <testcase name="Then the message Last Name field is required. is displayed" classname="bla.tm.definitions.site.pantheon.UserAppsDefinition" time="0.122"/>
  <testcase name="Then the message Last Name field is required. is displayed" classname="bla.tm.definitions.site.pantheon.UserAppsDefinition" time="0.85"/>
  <testcase name="Then the message Last Name field is required. is displayed" classname="bla.tm.definitions.site.pantheon.UserAppsDefinition" time="0.146"/>
  <testcase name="Scenario: |developer-acct.ticketmaster.com/user/register| [Create New Account - Company Name validation]" classname="Scenario: |developer-acct.ticketmaster.com/user/register| [Create New Account - Company Name validation]" time="0.17"/>
  <testcase name="When enter register values on Create New Account Page:​​​​" classname="bla.tm.definitions.site.pantheon.CreateNewAccountDefinition" time="2.774"/>
  <testcase name="When click checkbox Terms of Use​​​" classname="bla.tm.definitions.site.pantheon.CreateNewAccountDefinition" time="0.836"/>
  <testcase name="When click Create New Account on Register Page​​​​" classname="bla.tm.definitions.site.pantheon.CreateNewAccountDefinition" time="0.89"/>
  <testcase name="Then the message Company Name field is required. is displayed" classname="bla.tm.definitions.site.pantheon.UserAppsDefinition" time="0.637"/>
  <testcase name="Then the message Company Name field is required. is displayed" classname="bla.tm.definitions.site.pantheon.UserAppsDefinition" time="0.116"/>
  <testcase name="Then the message Company Name field is required. is displayed" classname="bla.tm.definitions.site.pantheon.UserAppsDefinition" time="0.853"/>
  <testcase name="Then the message Company Name field is required. is displayed" classname="bla.tm.definitions.site.pantheon.UserAppsDefinition" time="0.148"/>
  <testcase name="Scenario: |developer-acct.ticketmaster.com/user/register| [Create New Account - Company Name validation]​" classname="Scenario: |developer-acct.ticketmaster.com/user/register| [Create New Account - Company Name validation]​" time="0.174"/>
  <testcase name="When enter register values on Create New Account Page:​​​​​" classname="bla.tm.definitions.site.pantheon.CreateNewAccountDefinition" time="3.657"/>
  <testcase name="When click checkbox Terms of Use​​​​" classname="bla.tm.definitions.site.pantheon.CreateNewAccountDefinition" time="0.823"/>
  <testcase name="When click Create New Account on Register Page​​​​​" classname="bla.tm.definitions.site.pantheon.CreateNewAccountDefinition" time="0.835"/>
  <testcase name="Then the message Company Site URL field is required. is displayed" classname="bla.tm.definitions.site.pantheon.UserAppsDefinition" time="0.649"/>
  <testcase name="Then the message Company Site URL field is required. is displayed" classname="bla.tm.definitions.site.pantheon.UserAppsDefinition" time="0.116"/>
  <testcase name="Then the message Company Site URL field is required. is displayed" classname="bla.tm.definitions.site.pantheon.UserAppsDefinition" time="0.876"/>
  <testcase name="Then the message Company Site URL field is required. is displayed" classname="bla.tm.definitions.site.pantheon.UserAppsDefinition" time="0.143"/>
  <testcase name="Scenario: |developer-acct.ticketmaster.com/user/register| [Create New Account - Company Site URL validation]" classname="Scenario: |developer-acct.ticketmaster.com/user/register| [Create New Account - Company Site URL validation]" time="0.17"/>
  <testcase name="When enter register values on Create New Account Page:​​​​​​" classname="bla.tm.definitions.site.pantheon.CreateNewAccountDefinition" time="2.385"/>
  <testcase name="When click checkbox Terms of Use​​​​​" classname="bla.tm.definitions.site.pantheon.CreateNewAccountDefinition" time="0.841"/>
  <testcase name="When click Create New Account on Register Page​​​​​​" classname="bla.tm.definitions.site.pantheon.CreateNewAccountDefinition" time="0.842"/>
  <testcase name="Then the message Username field is required. is displayed" classname="bla.tm.definitions.site.pantheon.UserAppsDefinition" time="0.637"/>
  <testcase name="Then the message Username field is required. is displayed" classname="bla.tm.definitions.site.pantheon.UserAppsDefinition" time="0.124"/>
  <testcase name="Then the message Username field is required. is displayed" classname="bla.tm.definitions.site.pantheon.UserAppsDefinition" time="0.858"/>
  <testcase name="Then the message Username field is required. is displayed" classname="bla.tm.definitions.site.pantheon.UserAppsDefinition" time="0.147"/>
  <testcase name="Scenario: |developer-acct.ticketmaster.com/user/register| [Create New Account - Username validation]" classname="Scenario: |developer-acct.ticketmaster.com/user/register| [Create New Account - Username validation]" time="0.177"/>
  <testcase name="When enter register values on Create New Account Page:​​​​​​​" classname="bla.tm.definitions.site.pantheon.CreateNewAccountDefinition" time="1.997"/>
  <testcase name="When click checkbox Terms of Use​​​​​​" classname="bla.tm.definitions.site.pantheon.CreateNewAccountDefinition" time="1.276"/>
  <testcase name="When click Create New Account on Register Page​​​​​​​" classname="bla.tm.definitions.site.pantheon.CreateNewAccountDefinition" time="0.822"/>
  <testcase name="Then the message E-mail address field is required. is displayed" classname="bla.tm.definitions.site.pantheon.UserAppsDefinition" time="0.62"/>
  <testcase name="Then the message E-mail address field is required. is displayed" classname="bla.tm.definitions.site.pantheon.UserAppsDefinition" time="0.114"/>
  <testcase name="Then the message E-mail address field is required. is displayed" classname="bla.tm.definitions.site.pantheon.UserAppsDefinition" time="0.834"/>
  <testcase name="Then the message E-mail address field is required. is displayed" classname="bla.tm.definitions.site.pantheon.UserAppsDefinition" time="0.142"/>
  <testcase name="Scenario: |developer-acct.ticketmaster.com/user/register| [Create New Account - Email validation]" classname="Scenario: |developer-acct.ticketmaster.com/user/register| [Create New Account - Email validation]" time="0.164"/>
  <testcase name="CreateNewAccount.story" classname="CreateNewAccount.story" time="0.227"/>
  <testcase name="Given open Home page​​​​​​​​​​​​​​​" classname="bla.tm.definitions.site.HomePageDefinition" time="1.897"/>
  <testcase name="When navigate to Pantheon LogIn page from Home page" classname="bla.tm.definitions.site.HomePageDefinition" time="0.941"/>
  <testcase name="When navigate to Pantheon User Account page from LogIn page" classname="bla.tm.definitions.site.pantheon.UserLogInDefinition" time="4.666"/>
  <testcase name="When navigate to Pantheon Edit Profile page from User Account page" classname="bla.tm.definitions.site.pantheon.UserAccountDefinition" time="3.898"/>
  <testcase name="Then check general page elements for Pantheon Edit Profile page" classname="bla.tm.definitions.site.pantheon.EditProfileDefinition" time="20.295"/>
  <testcase name="Scenario: |developer-acct.ticketmaster.com/user/1554/edit| Verification for general page&apos;s elements" classname="Scenario: |developer-acct.ticketmaster.com/user/1554/edit| Verification for general page&apos;s elements" time="20.331"/>
  <testcase name="EditProfile.story" classname="EditProfile.story" time="20.399"/>
  <testcase name="Given open Home page​​​​​​​​​​​​​​​​" classname="bla.tm.definitions.site.HomePageDefinition" time="2.404"/>
  <testcase name="When navigate to Pantheon LogIn page from Home page​" classname="bla.tm.definitions.site.HomePageDefinition" time="0.98"/>
  <testcase name="When navigate to Pantheon Request New Password page from LogIn page" classname="bla.tm.definitions.site.pantheon.UserLogInDefinition" time="0.346"/>
  <testcase name="Then check general page elements for Pantheon Request New Password page" classname="bla.tm.definitions.site.pantheon.RequestNewPasswordDefinition" time="20.348"/>
  <testcase name="Scenario: |developer-acct.ticketmaster.com/user/password| Verification for general page&apos;s elements" classname="Scenario: |developer-acct.ticketmaster.com/user/password| Verification for general page&apos;s elements" time="20.371"/>
  <testcase name="RequestNewPassword.story" classname="RequestNewPassword.story" time="20.442"/>
  <testcase name="Given open Home page​​​​​​​​​​​​​​​​​" classname="bla.tm.definitions.site.HomePageDefinition" time="2.834"/>
  <testcase name="When navigate to Pantheon LogIn page from Home page​​" classname="bla.tm.definitions.site.HomePageDefinition" time="1.051"/>
  <testcase name="When navigate to Pantheon User Account page from LogIn page​" classname="bla.tm.definitions.site.pantheon.UserLogInDefinition" time="5.137"/>
  <testcase name="Then check general page elements for Pantheon User Account page" classname="bla.tm.definitions.site.pantheon.UserAccountDefinition" time="0.689">
    <failure message="expected:&lt;T[here are no applications here.&#10;Create something]!&gt; but was:&lt;T[HESE ARE YOUR APPS!&#10;EXPLORE THEM]!&gt;" type="org.junit.ComparisonFailure"><![CDATA[org.junit.ComparisonFailure: 
expected:<T[here are no applications here.
Create something]!> but was:<T[HESE ARE YOUR APPS!
EXPLORE THEM]!>
	at bla.tm.definitions.site.pantheon.UserAccountDefinition.checkGeneralPageElements(UserAccountDefinition.java:27)
]]></failure>
    <system-out><![CDATA[Then check general page elements for Pantheon User Account page (FAILED)
(org.junit.ComparisonFailure: expected:<T[here are no applications here.
Create something]!> but was:<T[HESE ARE YOUR APPS!
EXPLORE THEM]!>)
]]></system-out>
  </testcase>
  <testcase name="Scenario: |developer-acct.ticketmaster.com/user/1554/apps| Verification for general page&apos;s elements [2.2.3.4 Login - Password field - enter valid password]" classname="Scenario: |developer-acct.ticketmaster.com/user/1554/apps| Verification for general page&apos;s elements [2.2.3.4 Login - Password field - enter valid password]" time="0.714">
    <failure message="scenario failed!" type="java.lang.AssertionError">java.lang.AssertionError: scenario failed!
</failure>
    <system-out><![CDATA[
org.junit.ComparisonFailure: expected:<T[here are no applications here.
Create something]!> but was:<T[HESE ARE YOUR APPS!
EXPLORE THEM]!>
	at org.junit.Assert.assertEquals(Assert.java:115)
	at org.junit.Assert.assertEquals(Assert.java:144)
	at bla.tm.steps.pantheon.UserAccountSteps.checkIfTitleIsCorrect(UserAccountSteps.java:25)
	at bla.tm.steps.pantheon.UserAccountSteps$$EnhancerByCGLIB$$4d58fb7e.CGLIB$checkIfTitleIsCorrect$1(<generated>)
	at bla.tm.steps.pantheon.UserAccountSteps$$EnhancerByCGLIB$$4d58fb7e$$FastClassByCGLIB$$301e3b88.invoke(<generated>)
	at net.sf.cglib.proxy.MethodProxy.invokeSuper(MethodProxy.java:228)
	at net.thucydides.core.steps.StepInterceptor.invokeMethod(StepInterceptor.java:372)
	at net.thucydides.core.steps.StepInterceptor.executeTestStepMethod(StepInterceptor.java:357)
	at net.thucydides.core.steps.StepInterceptor.runTestStep(StepInterceptor.java:332)
	at net.thucydides.core.steps.StepInterceptor.testStepResult(StepInterceptor.java:134)
	at net.thucydides.core.steps.StepInterceptor.intercept(StepInterceptor.java:61)
	at bla.tm.steps.pantheon.UserAccountSteps$$EnhancerByCGLIB$$4d58fb7e.checkIfTitleIsCorrect(<generated>)
	at bla.tm.definitions.site.pantheon.UserAccountDefinition.checkGeneralPageElements(UserAccountDefinition.java:27)
	(reflection-invoke)
	at org.jbehave.core.steps.StepCreator$ParametrisedStep.perform(StepCreator.java:733)
	at org.jbehave.core.embedder.PerformableTree$FineSoFar.run(PerformableTree.java:346)
...
]]></system-out>
  </testcase>
  <testcase name="UserAccount.story" classname="UserAccount.story" time="0.847">
    <failure message="story failed!" type="java.lang.AssertionError">java.lang.AssertionError: story failed!
</failure>
    <system-out><![CDATA[
]]></system-out>
    <system-err><![CDATA[[pool-1-thread-1] ERROR net.serenitybdd.core.Serenity - 
           __  _____ _____ ____ _____   _____ _    ___ _     _____ ____  
  _       / / |_   _| ____/ ___|_   _| |  ___/ \  |_ _| |   | ____|  _ \ 
 (_)_____| |    | | |  _| \___ \ | |   | |_ / _ \  | || |   |  _| | | | |
  _|_____| |    | | | |___ ___) || |   |  _/ ___ \ | || |___| |___| |_| |
 (_)     | |    |_| |_____|____/ |_|   |_|/_/   \_\___|_____|_____|____/ 
          \_\                                                            

TEST FAILED: (developer-acct.ticketmaster.com/user/1554/apps) Verification for general page's elements [2.2.3.4 Login - Password field - enter valid password]
--------------------------------------------------------------------------
[pool-1-thread-1] ERROR net.serenitybdd.core.Serenity - TEST FAILED AT STEP Check if title is correct
[pool-1-thread-1] ERROR net.serenitybdd.core.Serenity - expected:<T[here are no applications here.Create something]!> but was:<T[HESE ARE YOUR APPS!EXPLORE THEM]!>
]]></system-err>
  </testcase>
  <testcase name="When navigate to Pantheon Add New App page from User Account page" classname="bla.tm.definitions.site.pantheon.UserAccountDefinition" time="2.342"/>
  <testcase name="Then check general page elements for Pantheon Add New App page" classname="bla.tm.definitions.site.pantheon.UserAppsDefinition" time="1.024"/>
  <testcase name="Then check general page elements for Pantheon Add New App page" classname="bla.tm.definitions.site.pantheon.UserAppsDefinition" time="4.615"/>
  <testcase name="Then check general page elements for Pantheon Add New App page" classname="bla.tm.definitions.site.pantheon.UserAppsDefinition" time="2.302"/>
  <testcase name="Then check general page elements for Pantheon Add New App page" classname="bla.tm.definitions.site.pantheon.UserAppsDefinition" time="20.427"/>
  <testcase name="Scenario: |developer-acct.ticketmaster.com/user/1554/apps/add| Verification for general page&apos;s elements" classname="Scenario: |developer-acct.ticketmaster.com/user/1554/apps/add| Verification for general page&apos;s elements" time="20.454"/>
  <testcase name="Given navigate to Pantheon Add New App page from User Account page" classname="bla.tm.definitions.site.pantheon.UserAccountDefinition" time="2.117"/>
  <testcase name="When enter to the field &lt;appFormField&gt; value &lt;appName&gt;" classname="bla.tm.definitions.site.pantheon.UserAppsDefinition" time="0.963"/>
  <testcase name="When save changes on Edit App Page" classname="bla.tm.definitions.site.pantheon.UserAppsDefinition" time="4.337"/>
  <testcase name="Then the message &lt;message&gt; is displayed" classname="bla.tm.definitions.site.pantheon.UserAppsDefinition" time="1.944"/>
  <testcase name="Then the message &lt;message&gt; is displayed" classname="bla.tm.definitions.site.pantheon.UserAppsDefinition" time="0.218"/>
  <testcase name="Then the message &lt;message&gt; is displayed" classname="bla.tm.definitions.site.pantheon.UserAppsDefinition" time="1.975"/>
  <testcase name="Then the message &lt;message&gt; is displayed" classname="bla.tm.definitions.site.pantheon.UserAppsDefinition" time="0.655"/>
  <testcase name="Given navigate to Pantheon Add New App page from User Account page​" classname="bla.tm.definitions.site.pantheon.UserAccountDefinition" time="2.367"/>
  <testcase name="When enter to the field &lt;appFormField&gt; value &lt;appName&gt;​" classname="bla.tm.definitions.site.pantheon.UserAppsDefinition" time="1.036"/>
  <testcase name="When save changes on Edit App Page​" classname="bla.tm.definitions.site.pantheon.UserAppsDefinition" time="4.833"/>
  <testcase name="Then the message &lt;message&gt; is displayed​" classname="bla.tm.definitions.site.pantheon.UserAppsDefinition" time="2.072"/>
  <testcase name="Then the message &lt;message&gt; is displayed​" classname="bla.tm.definitions.site.pantheon.UserAppsDefinition" time="0.381"/>
  <testcase name="Then the message &lt;message&gt; is displayed​" classname="bla.tm.definitions.site.pantheon.UserAppsDefinition" time="1.93"/>
  <testcase name="Then the message &lt;message&gt; is displayed​" classname="bla.tm.definitions.site.pantheon.UserAppsDefinition" time="0.874"/>
  <testcase name="Scenario: |Pantheon|Add new App| Add new App negative [2.1.15 Add New App - The required field is empty]" classname="Scenario: |Pantheon|Add new App| Add new App negative [2.1.15 Add New App - The required field is empty]" time="0.942"/>
  <testcase name="Given navigate to Pantheon Add New App page from User Account page​​" classname="bla.tm.definitions.site.pantheon.UserAccountDefinition" time="3.246"/>
  <testcase name="When enter to the field Application name value uniqueApp" classname="bla.tm.definitions.site.pantheon.UserAppsDefinition" time="1.343"/>
  <testcase name="When enter to the field Redirect URI value https://oauth.ticketmaster.com" classname="bla.tm.definitions.site.pantheon.UserAppsDefinition" time="5.051"/>
  <testcase name="And save changes on Edit App Page" classname="bla.tm.definitions.site.pantheon.UserAppsDefinition" time="1.876"/>
  <testcase name="Then the message App Created! is displayed" classname="bla.tm.definitions.site.pantheon.UserAppsDefinition" time="0.202"/>
  <testcase name="Then open my Apps page" classname="bla.tm.definitions.site.pantheon.UserAppsDefinition" time="0.132"/>
  <testcase name="And the App is appeared in the list of apps" classname="bla.tm.definitions.site.pantheon.UserAppsDefinition" time="9.744"/>
  <testcase name="And the App is appeared in the list of apps" classname="bla.tm.definitions.site.pantheon.UserAppsDefinition" time="0.663"/>
  <testcase name="And the App is appeared in the list of apps" classname="bla.tm.definitions.site.pantheon.UserAppsDefinition" time="0.113"/>
  <testcase name="And the App is appeared in the list of apps" classname="bla.tm.definitions.site.pantheon.UserAppsDefinition" time="0.189"/>
  <testcase name="Scenario: |Pantheon|Add new App| [2.1.5 Add new App with values positive]" classname="Scenario: |Pantheon|Add new App| [2.1.5 Add new App with values positive]" time="0.269"/>
  <testcase name="Given open my Apps page" classname="bla.tm.definitions.site.pantheon.UserAppsDefinition" time="4.102"/>
  <testcase name="And open Edit App Page for the first application" classname="bla.tm.definitions.site.pantheon.UserAppsDefinition" time="1.08"/>
  <testcase name="When clear field &lt;appFormField&gt; on Edit App Page" classname="bla.tm.definitions.site.pantheon.UserAppsDefinition" time="5.33"/>
  <testcase name="And save changes on Edit App Page​" classname="bla.tm.definitions.site.pantheon.UserAppsDefinition" time="0.272"/>
  <testcase name="Then the message &lt;formError&gt; is displayed" classname="bla.tm.definitions.site.pantheon.UserAppsDefinition" time="0.258"/>
  <testcase name="Then the message &lt;formError&gt; is displayed" classname="bla.tm.definitions.site.pantheon.UserAppsDefinition" time="3.17"/>
  <testcase name="Then the message &lt;formError&gt; is displayed" classname="bla.tm.definitions.site.pantheon.UserAppsDefinition" time="3.839"/>
  <testcase name="Then the message &lt;formError&gt; is displayed" classname="bla.tm.definitions.site.pantheon.UserAppsDefinition" time="0.541"/>
  <testcase name="Given open my Apps page​" classname="bla.tm.definitions.site.pantheon.UserAppsDefinition" time="2.154"/>
  <testcase name="And open Edit App Page for the first application​" classname="bla.tm.definitions.site.pantheon.UserAppsDefinition" time="0.964"/>
  <testcase name="When clear field &lt;appFormField&gt; on Edit App Page​" classname="bla.tm.definitions.site.pantheon.UserAppsDefinition" time="4.899"/>
  <testcase name="And save changes on Edit App Page​​" classname="bla.tm.definitions.site.pantheon.UserAppsDefinition" time="0.231"/>
  <testcase name="Then the message &lt;formError&gt; is displayed​" classname="bla.tm.definitions.site.pantheon.UserAppsDefinition" time="0.274"/>
  <testcase name="Then the message &lt;formError&gt; is displayed​" classname="bla.tm.definitions.site.pantheon.UserAppsDefinition" time="3.571"/>
  <testcase name="Then the message &lt;formError&gt; is displayed​" classname="bla.tm.definitions.site.pantheon.UserAppsDefinition" time="3.985"/>
  <testcase name="Then the message &lt;formError&gt; is displayed​" classname="bla.tm.definitions.site.pantheon.UserAppsDefinition" time="0.581"/>
  <testcase name="Scenario: |Pantheon|Edit App| Edit app with empty required fields negative" classname="Scenario: |Pantheon|Edit App| Edit app with empty required fields negative" time="0.644"/>
  <testcase name="Given open my Apps page​​" classname="bla.tm.definitions.site.pantheon.UserAppsDefinition" time="5.202"/>
  <testcase name="And open Edit App Page for the first application​​" classname="bla.tm.definitions.site.pantheon.UserAppsDefinition" time="0.898"/>
  <testcase name="When clear field &lt;appFormField&gt; on Edit App Page​​" classname="bla.tm.definitions.site.pantheon.UserAppsDefinition" time="5.406"/>
  <testcase name="And enter to the field &lt;appFormField&gt; value &lt;appValue&gt;" classname="bla.tm.definitions.site.pantheon.UserAppsDefinition" time="0.216"/>
  <testcase name="And save changes on Edit App Page​​​" classname="bla.tm.definitions.site.pantheon.UserAppsDefinition" time="0.321"/>
  <testcase name="And the message App Updated! is displayed" classname="bla.tm.definitions.site.pantheon.UserAppsDefinition" time="3.119"/>
  <testcase name="And open my Apps page" classname="bla.tm.definitions.site.pantheon.UserAppsDefinition" time="0.051"/>
  <testcase name="And open Details tab on the application" classname="bla.tm.definitions.site.pantheon.UserAppsDefinition" time="11.906"/>
  <testcase name="Then &lt;detailName&gt; have been applied on Edit App Page with value &lt;appValue&gt;" classname="bla.tm.definitions.site.pantheon.UserAppsDefinition" time="0.622"/>
  <testcase name="Then &lt;detailName&gt; have been applied on Edit App Page with value &lt;appValue&gt;" classname="bla.tm.definitions.site.pantheon.UserAppsDefinition" time="0.092"/>
  <testcase name="Then &lt;detailName&gt; have been applied on Edit App Page with value &lt;appValue&gt;" classname="bla.tm.definitions.site.pantheon.UserAppsDefinition" time="0.16"/>
  <testcase name="Then &lt;detailName&gt; have been applied on Edit App Page with value &lt;appValue&gt;" classname="bla.tm.definitions.site.pantheon.UserAppsDefinition" time="0.138"/>
  <testcase name="Given open my Apps page​​​" classname="bla.tm.definitions.site.pantheon.UserAppsDefinition" time="2.027"/>
  <testcase name="And open Edit App Page for the first application​​​" classname="bla.tm.definitions.site.pantheon.UserAppsDefinition" time="0.883"/>
  <testcase name="When clear field &lt;appFormField&gt; on Edit App Page​​​" classname="bla.tm.definitions.site.pantheon.UserAppsDefinition" time="3.531"/>
  <testcase name="And enter to the field &lt;appFormField&gt; value &lt;appValue&gt;​" classname="bla.tm.definitions.site.pantheon.UserAppsDefinition" time="0.194"/>
  <testcase name="And save changes on Edit App Page​​​​" classname="bla.tm.definitions.site.pantheon.UserAppsDefinition" time="0.248"/>
  <testcase name="And the message App Updated! is displayed​" classname="bla.tm.definitions.site.pantheon.UserAppsDefinition" time="3.543"/>
  <testcase name="And open my Apps page​" classname="bla.tm.definitions.site.pantheon.UserAppsDefinition" time="0.116"/>
  <testcase name="And open Details tab on the application​" classname="bla.tm.definitions.site.pantheon.UserAppsDefinition" time="10.412"/>
  <testcase name="Then &lt;detailName&gt; have been applied on Edit App Page with value &lt;appValue&gt;​" classname="bla.tm.definitions.site.pantheon.UserAppsDefinition" time="0.622"/>
  <testcase name="Then &lt;detailName&gt; have been applied on Edit App Page with value &lt;appValue&gt;​" classname="bla.tm.definitions.site.pantheon.UserAppsDefinition" time="0.089"/>
  <testcase name="Then &lt;detailName&gt; have been applied on Edit App Page with value &lt;appValue&gt;​" classname="bla.tm.definitions.site.pantheon.UserAppsDefinition" time="0.146"/>
  <testcase name="Then &lt;detailName&gt; have been applied on Edit App Page with value &lt;appValue&gt;​" classname="bla.tm.definitions.site.pantheon.UserAppsDefinition" time="0.154"/>
  <testcase name="Scenario: |Pantheon|Edit App| Edit app positive [2.1.8 Edit application]" classname="Scenario: |Pantheon|Edit App| Edit app positive [2.1.8 Edit application]" time="0.217"/>
  <testcase name="Given open my Apps page​​​​" classname="bla.tm.definitions.site.pantheon.UserAppsDefinition" time="2.483"/>
  <testcase name="When delete first App" classname="bla.tm.definitions.site.pantheon.UserAppsDefinition" time="0.947"/>
  <testcase name="Then the message App Deleted! is displayed" classname="bla.tm.definitions.site.pantheon.UserAppsDefinition" time="4.063"/>
  <testcase name="And the predefined app is removed from the list of apps" classname="bla.tm.definitions.site.pantheon.UserAppsDefinition" time="0.195"/>
  <testcase name="And the predefined app is removed from the list of apps" classname="bla.tm.definitions.site.pantheon.UserAppsDefinition" time="11.345"/>
  <testcase name="And the predefined app is removed from the list of apps" classname="bla.tm.definitions.site.pantheon.UserAppsDefinition" time="0.631"/>
  <testcase name="And the predefined app is removed from the list of apps" classname="bla.tm.definitions.site.pantheon.UserAppsDefinition" time="0.399">
    <failure type="java.lang.AssertionError">java.lang.AssertionError
	at bla.tm.definitions.site.pantheon.UserAppsDefinition.appIsRemovedFromTheListOfApps(UserAppsDefinition.java:84)
</failure>
    <system-out><![CDATA[And the predefined app is removed from the list of apps (FAILED)
(java.lang.AssertionError)
]]></system-out>
  </testcase>
  <testcase name="Scenario: |Pantheon|Delete App| Delete App positive [2.1.9 Delete application]" classname="Scenario: |Pantheon|Delete App| Delete App positive [2.1.9 Delete application]" time="0.414">
    <failure message="scenario failed!" type="java.lang.AssertionError">java.lang.AssertionError: scenario failed!
</failure>
    <system-out><![CDATA[
java.lang.AssertionError
	at org.junit.Assert.fail(Assert.java:86)
	at org.junit.Assert.assertTrue(Assert.java:41)
	at org.junit.Assert.assertFalse(Assert.java:64)
	at org.junit.Assert.assertFalse(Assert.java:74)
	at bla.tm.steps.pantheon.UserAppsSteps.checkIsAppNotExists(UserAppsSteps.java:76)
	at bla.tm.steps.pantheon.UserAppsSteps$$EnhancerByCGLIB$$12fc2311.CGLIB$checkIsAppNotExists$12(<generated>)
	at bla.tm.steps.pantheon.UserAppsSteps$$EnhancerByCGLIB$$12fc2311$$FastClassByCGLIB$$e336c291.invoke(<generated>)
	at net.sf.cglib.proxy.MethodProxy.invokeSuper(MethodProxy.java:228)
	at net.thucydides.core.steps.StepInterceptor.invokeMethod(StepInterceptor.java:372)
	at net.thucydides.core.steps.StepInterceptor.executeTestStepMethod(StepInterceptor.java:357)
	at net.thucydides.core.steps.StepInterceptor.runTestStep(StepInterceptor.java:332)
	at net.thucydides.core.steps.StepInterceptor.testStepResult(StepInterceptor.java:134)
	at net.thucydides.core.steps.StepInterceptor.intercept(StepInterceptor.java:61)
	at bla.tm.steps.pantheon.UserAppsSteps$$EnhancerByCGLIB$$12fc2311.checkIsAppNotExists(<generated>)
	at bla.tm.definitions.site.pantheon.UserAppsDefinition.appIsRemovedFromTheListOfApps(UserAppsDefinition.java:84)
	(reflection-invoke)
	at org.jbehave.core.steps.StepCreator$ParametrisedStep.perform(StepCreator.java:733)
	at org.jbehave.core.embedder.PerformableTree$FineSoFar.run(PerformableTree.java:346)
...
]]></system-out>
  </testcase>
  <testcase name="UserApps.story" classname="UserApps.story" time="0.481">
    <failure message="story failed!" type="java.lang.AssertionError">java.lang.AssertionError: story failed!
</failure>
    <system-out><![CDATA[
]]></system-out>
    <system-err><![CDATA[[pool-1-thread-1] ERROR net.serenitybdd.core.Serenity - 
           __  _____ _____ ____ _____   _____ _    ___ _     _____ ____  
  _       / / |_   _| ____/ ___|_   _| |  ___/ \  |_ _| |   | ____|  _ \ 
 (_)_____| |    | | |  _| \___ \ | |   | |_ / _ \  | || |   |  _| | | | |
  _|_____| |    | | | |___ ___) || |   |  _/ ___ \ | || |___| |___| |_| |
 (_)     | |    |_| |_____|____/ |_|   |_|/_/   \_\___|_____|_____|____/ 
          \_\                                                            

TEST FAILED: (Pantheon|Delete App) Delete App positive [2.1.9 Delete application]
--------------------------------------------------------------------------
[pool-1-thread-1] ERROR net.serenitybdd.core.Serenity - TEST FAILED AT STEP Check is app not exists
[pool-1-thread-1] ERROR net.serenitybdd.core.Serenity - 
]]></system-err>
  </testcase>
  <testcase name="Then check general page elements for Pantheon User LogIn page" classname="bla.tm.definitions.site.pantheon.UserLogInDefinition" time="4.094"/>
  <testcase name="Then check general page elements for Pantheon User LogIn page" classname="bla.tm.definitions.site.pantheon.UserLogInDefinition" time="0.989"/>
  <testcase name="Then check general page elements for Pantheon User LogIn page" classname="bla.tm.definitions.site.pantheon.UserLogInDefinition" time="20.228"/>
  <testcase name="Scenario: |developer-acct.ticketmaster.com/user/login| Verification for general page&apos;s elements" classname="Scenario: |developer-acct.ticketmaster.com/user/login| Verification for general page&apos;s elements" time="20.254"/>
  <testcase name="When login to Pantheon with invaliduserName and 1234567" classname="bla.tm.definitions.site.pantheon.UserLogInDefinition" time="2.155"/>
  <testcase name="Then the message Sorry, unrecognized username or password. Have you forgotten your password? is displayed" classname="bla.tm.definitions.site.pantheon.UserAppsDefinition" time="1.22"/>
  <testcase name="Then the message Sorry, unrecognized username or password. Have you forgotten your password? is displayed" classname="bla.tm.definitions.site.pantheon.UserAppsDefinition" time="0.649"/>
  <testcase name="Then the message Sorry, unrecognized username or password. Have you forgotten your password? is displayed" classname="bla.tm.definitions.site.pantheon.UserAppsDefinition" time="0.36"/>
  <testcase name="Scenario: |developer-acct.ticketmaster.com/user/login| [2.2.3.2 Login - Username/Email field - enter invalid username]" classname="Scenario: |developer-acct.ticketmaster.com/user/login| [2.2.3.2 Login - Username/Email field - enter invalid username]" time="0.39"/>
  <testcase name="When login to Pantheon using OpenID invalidOpenID" classname="bla.tm.definitions.site.pantheon.UserLogInDefinition" time="2.191"/>
  <testcase name="Then the message Sorry, that is not a valid OpenID. Ensure you have spelled your ID correctly. is displayed" classname="bla.tm.definitions.site.pantheon.UserAppsDefinition" time="0.945"/>
  <testcase name="Then the message Sorry, that is not a valid OpenID. Ensure you have spelled your ID correctly. is displayed" classname="bla.tm.definitions.site.pantheon.UserAppsDefinition" time="0.754"/>
  <testcase name="Then the message Sorry, that is not a valid OpenID. Ensure you have spelled your ID correctly. is displayed" classname="bla.tm.definitions.site.pantheon.UserAppsDefinition" time="0.361"/>
  <testcase name="Scenario: |developer-acct.ticketmaster.com/user/login| [2.2.3.8 Login - OpenID field - invalid OpenID]" classname="Scenario: |developer-acct.ticketmaster.com/user/login| [2.2.3.8 Login - OpenID field - invalid OpenID]" time="0.381"/>
  <testcase name="UserLogIn.story" classname="UserLogIn.story" time="0.446"/>
  <testcase name="Given open Partners page" classname="bla.tm.definitions.site.partners.PartnersDefinition" time="5.419"/>
  <testcase name="Then check general page elements for Partners Page, where DISQUS = false and LeftMenu = false" classname="bla.tm.definitions.site.partners.PartnersDefinition" time="20.21"/>
  <testcase name="Scenario: |/partners/| Verification for general page&apos;s elements" classname="Scenario: |/partners/| Verification for general page&apos;s elements" time="20.241"/>
  <testcase name="Partners.story" classname="Partners.story" time="20.308"/>
  <testcase name="Given open Certified Partners page" classname="bla.tm.definitions.site.partners.Partners_CertifiedPartnersDefinition" time="2.185"/>
  <testcase name="Then check general page elements for Certified Partners Page, where DISQUS = false and LeftMenu = true" classname="bla.tm.definitions.site.partners.Partners_CertifiedPartnersDefinition" time="10.272"/>
  <testcase name="Scenario: |/partners/certified-partners/| Verification for general page&apos;s elements" classname="Scenario: |/partners/certified-partners/| Verification for general page&apos;s elements" time="10.298"/>
  <testcase name="Partners_CertifiedPartners.story" classname="Partners_CertifiedPartners.story" time="10.36"/>
  <testcase name="Given open Distribution Partners page" classname="bla.tm.definitions.site.partners.Partners_DistributionPartnersDefinition" time="3.481"/>
  <testcase name="Then check general page elements for Distribution Partners Page, where DISQUS = true and LeftMenu = true" classname="bla.tm.definitions.site.partners.Partners_DistributionPartnersDefinition" time="0.636"/>
  <testcase name="Scenario: |/partners/distribution-partners/| Verification for general page&apos;s elements" classname="Scenario: |/partners/distribution-partners/| Verification for general page&apos;s elements" time="0.662"/>
  <testcase name="Partners_DistributionPartners.story" classname="Partners_DistributionPartners.story" time="0.724"/>
  <testcase name="Given open Join The Nexus Program page" classname="bla.tm.definitions.site.partners.Partners_NexusDefinition" time="3.701"/>
  <testcase name="Then check general page elements for Join The Nexus Program Page, where DISQUS = true and LeftMenu = true" classname="bla.tm.definitions.site.partners.Partners_NexusDefinition" time="0.234"/>
  <testcase name="Scenario: |/partners/certified-partners/nexus/| Verification for general page&apos;s elements" classname="Scenario: |/partners/certified-partners/nexus/| Verification for general page&apos;s elements" time="0.28"/>
  <testcase name="Partners_Nexus.story" classname="Partners_Nexus.story" time="0.342"/>
  <testcase name="Given open Startups and Developers page" classname="bla.tm.definitions.site.partners.Partners_StartupsDevelopersDefinition" time="5.191"/>
  <testcase name="Then check general page elements for Startups and Developers Page, where DISQUS = true and LeftMenu = true" classname="bla.tm.definitions.site.partners.Partners_StartupsDevelopersDefinition" time="0.988"/>
  <testcase name="Scenario: |/partners/startups-and-developers/| Verification for general page&apos;s elements" classname="Scenario: |/partners/startups-and-developers/| Verification for general page&apos;s elements" time="1.018"/>
  <testcase name="Partners_StartupsDevelopers.story" classname="Partners_StartupsDevelopers.story" time="1.081"/>
  <testcase name="Given open Products and Docs page" classname="bla.tm.definitions.site.products_and_docs.PD_Definition" time="2.704"/>
  <testcase name="Then check general page elements for Products and Docs Page, where DISQUS = false and LeftMenu = false" classname="bla.tm.definitions.site.products_and_docs.PD_Definition" time="40.346"/>
  <testcase name="Scenario: |/support/| Verification for general page&apos;s elements" classname="Scenario: |/support/| Verification for general page&apos;s elements" time="40.378"/>
  <testcase name="PD.story" classname="PD.story" time="40.447"/>
  <testcase name="Given open API Explorer page" classname="bla.tm.definitions.site.products_and_docs.PD_APIExplorerDefinition" time="5.461"/>
  <testcase name="Then check general page elements for API Explorer Page, where DISQUS = true and LeftMenu = false" classname="bla.tm.definitions.site.products_and_docs.PD_APIExplorerDefinition" time="10.377"/>
  <testcase name="Scenario: |/api-explorer/| Verification for general page&apos;s elements" classname="Scenario: |/api-explorer/| Verification for general page&apos;s elements" time="10.403"/>
  <testcase name="PD_APIExplorer.story" classname="PD_APIExplorer.story" time="10.465"/>
  <testcase name="Given open API Explorer V2 page" classname="bla.tm.definitions.site.products_and_docs.PD_APIExplorerV2Definition" time="8.536"/>
  <testcase name="Then check general page elements for API Explorer V2 Page, where DISQUS = true and LeftMenu = false" classname="bla.tm.definitions.site.products_and_docs.PD_APIExplorerV2Definition" time="10.312"/>
  <testcase name="Scenario: |/api-explorer/v2| Verification for general page&apos;s elements" classname="Scenario: |/api-explorer/v2| Verification for general page&apos;s elements" time="10.336"/>
  <testcase name="Given open API Explorer V2 page​" classname="bla.tm.definitions.site.products_and_docs.PD_APIExplorerV2Definition" time="3.97"/>
  <testcase name="Then check &lt;tag&gt; is present in the source code page" classname="bla.tm.definitions.site.products_and_docs.PD_APIExplorerV2Definition" time="0.208"/>
  <testcase name="Given open API Explorer V2 page​​" classname="bla.tm.definitions.site.products_and_docs.PD_APIExplorerV2Definition" time="2.904"/>
  <testcase name="Then check &lt;tag&gt; is present in the source code page​" classname="bla.tm.definitions.site.products_and_docs.PD_APIExplorerV2Definition" time="0.124"/>
  <testcase name="Given open API Explorer V2 page​​​" classname="bla.tm.definitions.site.products_and_docs.PD_APIExplorerV2Definition" time="3.597"/>
  <testcase name="Then check &lt;tag&gt; is present in the source code page​​" classname="bla.tm.definitions.site.products_and_docs.PD_APIExplorerV2Definition" time="0.192"/>
  <testcase name="Given open API Explorer V2 page​​​​" classname="bla.tm.definitions.site.products_and_docs.PD_APIExplorerV2Definition" time="7.368"/>
  <testcase name="Then check &lt;tag&gt; is present in the source code page​​​" classname="bla.tm.definitions.site.products_and_docs.PD_APIExplorerV2Definition" time="0.045"/>
  <testcase name="Given open API Explorer V2 page​​​​​" classname="bla.tm.definitions.site.products_and_docs.PD_APIExplorerV2Definition" time="8.094"/>
  <testcase name="Then check &lt;tag&gt; is present in the source code page​​​​" classname="bla.tm.definitions.site.products_and_docs.PD_APIExplorerV2Definition" time="0.049"/>
  <testcase name="Given open API Explorer V2 page​​​​​​" classname="bla.tm.definitions.site.products_and_docs.PD_APIExplorerV2Definition" time="4.363"/>
  <testcase name="Then check &lt;tag&gt; is present in the source code page​​​​​" classname="bla.tm.definitions.site.products_and_docs.PD_APIExplorerV2Definition" time="0.052"/>
  <testcase name="Given open API Explorer V2 page​​​​​​​" classname="bla.tm.definitions.site.products_and_docs.PD_APIExplorerV2Definition" time="3.607"/>
  <testcase name="Then check &lt;tag&gt; is present in the source code page​​​​​​" classname="bla.tm.definitions.site.products_and_docs.PD_APIExplorerV2Definition" time="0.214"/>
  <testcase name="Scenario: |/api-explorer/v2| Open Graph support [1.1.51 Verify tags are present in source code]" classname="Scenario: |/api-explorer/v2| Open Graph support [1.1.51 Verify tags are present in source code]" time="0.376"/>
  <testcase name="Given open API Explorer V2 page​​​​​​​​" classname="bla.tm.definitions.site.products_and_docs.PD_APIExplorerV2Definition" time="4.369"/>
  <testcase name="When I choose &lt;apiGetMethod&gt; to send request" classname="bla.tm.definitions.site.products_and_docs.PD_APIExplorerV2Definition" time="0.338"/>
  <testcase name="And click GET button" classname="bla.tm.definitions.site.products_and_docs.PD_APIExplorerV2Definition" time="0.21"/>
  <testcase name="Then the parameters section is opened" classname="bla.tm.definitions.site.products_and_docs.PD_APIExplorerV2Definition" time="0.286"/>
  <testcase name="And error notification is shown on required fields" classname="bla.tm.definitions.site.products_and_docs.PD_APIExplorerV2Definition" time="0.025"/>
  <testcase name="Given open API Explorer V2 page​​​​​​​​​" classname="bla.tm.definitions.site.products_and_docs.PD_APIExplorerV2Definition" time="2.89"/>
  <testcase name="When I choose &lt;apiGetMethod&gt; to send request​" classname="bla.tm.definitions.site.products_and_docs.PD_APIExplorerV2Definition" time="0.516"/>
  <testcase name="And click GET button​" classname="bla.tm.definitions.site.products_and_docs.PD_APIExplorerV2Definition" time="0.245"/>
  <testcase name="Then the parameters section is opened​" classname="bla.tm.definitions.site.products_and_docs.PD_APIExplorerV2Definition" time="0.285"/>
  <testcase name="And error notification is shown on required fields​" classname="bla.tm.definitions.site.products_and_docs.PD_APIExplorerV2Definition" time="0.026"/>
  <testcase name="Given open API Explorer V2 page​​​​​​​​​​" classname="bla.tm.definitions.site.products_and_docs.PD_APIExplorerV2Definition" time="3.59"/>
  <testcase name="When I choose &lt;apiGetMethod&gt; to send request​​" classname="bla.tm.definitions.site.products_and_docs.PD_APIExplorerV2Definition" time="0.389"/>
  <testcase name="And click GET button​​" classname="bla.tm.definitions.site.products_and_docs.PD_APIExplorerV2Definition" time="0.293"/>
  <testcase name="Then the parameters section is opened​​" classname="bla.tm.definitions.site.products_and_docs.PD_APIExplorerV2Definition" time="0.284"/>
  <testcase name="And error notification is shown on required fields​​" classname="bla.tm.definitions.site.products_and_docs.PD_APIExplorerV2Definition" time="0.022"/>
  <testcase name="Given open API Explorer V2 page​​​​​​​​​​​" classname="bla.tm.definitions.site.products_and_docs.PD_APIExplorerV2Definition" time="6.185"/>
  <testcase name="When I choose &lt;apiGetMethod&gt; to send request​​​" classname="bla.tm.definitions.site.products_and_docs.PD_APIExplorerV2Definition" time="0.276"/>
  <testcase name="And click GET button​​​" classname="bla.tm.definitions.site.products_and_docs.PD_APIExplorerV2Definition" time="0.493"/>
  <testcase name="Then the parameters section is opened​​​" classname="bla.tm.definitions.site.products_and_docs.PD_APIExplorerV2Definition" time="0.28"/>
  <testcase name="And error notification is shown on required fields​​​" classname="bla.tm.definitions.site.products_and_docs.PD_APIExplorerV2Definition" time="0.029"/>
  <testcase name="Given open API Explorer V2 page​​​​​​​​​​​​" classname="bla.tm.definitions.site.products_and_docs.PD_APIExplorerV2Definition" time="6.048"/>
  <testcase name="When I choose &lt;apiGetMethod&gt; to send request​​​​" classname="bla.tm.definitions.site.products_and_docs.PD_APIExplorerV2Definition" time="0.357"/>
  <testcase name="And click GET button​​​​" classname="bla.tm.definitions.site.products_and_docs.PD_APIExplorerV2Definition" time="0.236"/>
  <testcase name="Then the parameters section is opened​​​​" classname="bla.tm.definitions.site.products_and_docs.PD_APIExplorerV2Definition" time="0.309"/>
  <testcase name="And error notification is shown on required fields​​​​" classname="bla.tm.definitions.site.products_and_docs.PD_APIExplorerV2Definition" time="0.032"/>
  <testcase name="Scenario: |/api-explorer/v2| [5.2.2 API Explorer V2 : The parameters section is opened]" classname="Scenario: |/api-explorer/v2| [5.2.2 API Explorer V2 : The parameters section is opened]" time="0.093"/>
  <testcase name="Given open API Explorer V2 page​​​​​​​​​​​​​" classname="bla.tm.definitions.site.products_and_docs.PD_APIExplorerV2Definition" time="4.386"/>
  <testcase name="When I choose &lt;apiGetMethod&gt; to send request​​​​​" classname="bla.tm.definitions.site.products_and_docs.PD_APIExplorerV2Definition" time="0.778"/>
  <testcase name="And click GET button​​​​​" classname="bla.tm.definitions.site.products_and_docs.PD_APIExplorerV2Definition" time="0.261"/>
  <testcase name="Then the request list contains url" classname="bla.tm.definitions.site.products_and_docs.PD_APIExplorerV2Definition" time="2.47"/>
  <testcase name="And the request list contains response block" classname="bla.tm.definitions.site.products_and_docs.PD_APIExplorerV2Definition" time="0.673"/>
  <testcase name="Given open API Explorer V2 page​​​​​​​​​​​​​​" classname="bla.tm.definitions.site.products_and_docs.PD_APIExplorerV2Definition" time="3.534"/>
  <testcase name="When I choose &lt;apiGetMethod&gt; to send request​​​​​​" classname="bla.tm.definitions.site.products_and_docs.PD_APIExplorerV2Definition" time="0.15"/>
  <testcase name="And click GET button​​​​​​" classname="bla.tm.definitions.site.products_and_docs.PD_APIExplorerV2Definition" time="0.29"/>
  <testcase name="Then the request list contains url​" classname="bla.tm.definitions.site.products_and_docs.PD_APIExplorerV2Definition" time="1.246"/>
  <testcase name="And the request list contains response block​" classname="bla.tm.definitions.site.products_and_docs.PD_APIExplorerV2Definition" time="0.125"/>
  <testcase name="Given open API Explorer V2 page​​​​​​​​​​​​​​​" classname="bla.tm.definitions.site.products_and_docs.PD_APIExplorerV2Definition" time="3.341"/>
  <testcase name="When I choose &lt;apiGetMethod&gt; to send request​​​​​​​" classname="bla.tm.definitions.site.products_and_docs.PD_APIExplorerV2Definition" time="0.597"/>
  <testcase name="And click GET button​​​​​​​" classname="bla.tm.definitions.site.products_and_docs.PD_APIExplorerV2Definition" time="0.194"/>
  <testcase name="Then the request list contains url​​" classname="bla.tm.definitions.site.products_and_docs.PD_APIExplorerV2Definition" time="4.082"/>
  <testcase name="And the request list contains response block​​" classname="bla.tm.definitions.site.products_and_docs.PD_APIExplorerV2Definition" time="0.404"/>
  <testcase name="Given open API Explorer V2 page​​​​​​​​​​​​​​​​" classname="bla.tm.definitions.site.products_and_docs.PD_APIExplorerV2Definition" time="8.778"/>
  <testcase name="When I choose &lt;apiGetMethod&gt; to send request​​​​​​​​" classname="bla.tm.definitions.site.products_and_docs.PD_APIExplorerV2Definition" time="0.463"/>
  <testcase name="And click GET button​​​​​​​​" classname="bla.tm.definitions.site.products_and_docs.PD_APIExplorerV2Definition" time="0.392"/>
  <testcase name="Then the request list contains url​​​" classname="bla.tm.definitions.site.products_and_docs.PD_APIExplorerV2Definition" time="1.538"/>
  <testcase name="And the request list contains response block​​​" classname="bla.tm.definitions.site.products_and_docs.PD_APIExplorerV2Definition" time="0.094"/>
  <testcase name="Scenario: |/api-explorer/v2| [5.2.3 API Explorer V2 : The request list contains url and block]" classname="Scenario: |/api-explorer/v2| [5.2.3 API Explorer V2 : The request list contains url and block]" time="0.156"/>
  <testcase name="PD_APIExplorer_V2.story" classname="PD_APIExplorer_V2.story" time="0.157"/>
  <testcase name="Given open ChangeLog page" classname="bla.tm.definitions.site.products_and_docs.PD_ChangeLogDefinition" time="4.007"/>
  <testcase name="Then check general page elements for ChangeLog Page, where DISQUS = true and LeftMenu = true" classname="bla.tm.definitions.site.products_and_docs.PD_ChangeLogDefinition" time="0.177"/>
  <testcase name="Scenario: |/products-and-docs/apis/changelog/| Verification for general page&apos;s elements" classname="Scenario: |/products-and-docs/apis/changelog/| Verification for general page&apos;s elements" time="0.199"/>
  <testcase name="PD_ChangeLog.story" classname="PD_ChangeLog.story" time="0.271"/>
  <testcase name="Given open Commerce API page" classname="bla.tm.definitions.site.products_and_docs.PD_ComerceAPIDefinition" time="4.407"/>
  <testcase name="Then check general page elements for Commerce API Page, where DISQUS = true and LeftMenu = true" classname="bla.tm.definitions.site.products_and_docs.PD_ComerceAPIDefinition" time="0.88"/>
  <testcase name="Scenario: |/products-and-docs/apis/commerce/| Verification for general page&apos;s elements" classname="Scenario: |/products-and-docs/apis/commerce/| Verification for general page&apos;s elements" time="0.902"/>
  <testcase name="PD_CommerceAPI.story" classname="PD_CommerceAPI.story" time="0.964"/>
  <testcase name="Given open Discovery API v1 page" classname="bla.tm.definitions.site.products_and_docs.PD_DiscoveryAPIv1Definition" time="3.668"/>
  <testcase name="Then check general page elements for Discovery API v1 Page, where DISQUS = true and LeftMenu = true" classname="bla.tm.definitions.site.products_and_docs.PD_DiscoveryAPIv1Definition" time="0.862"/>
  <testcase name="Scenario: |/products-and-docs/apis/discovery-api/v1/| Verification for general page&apos;s elements" classname="Scenario: |/products-and-docs/apis/discovery-api/v1/| Verification for general page&apos;s elements" time="0.893"/>
  <testcase name="PD_DiscoveryAPIV1.story" classname="PD_DiscoveryAPIV1.story" time="0.963"/>
  <testcase name="Given open Discovery API v2 page" classname="bla.tm.definitions.site.products_and_docs.PD_DiscoveryAPIv2Definition" time="4.997"/>
  <testcase name="Then check general page elements for Discovery API v2 Page, where DISQUS = true and LeftMenu = true" classname="bla.tm.definitions.site.products_and_docs.PD_DiscoveryAPIv2Definition" time="2.316"/>
  <testcase name="Scenario: |/products-and-docs/apis/discovery/v2/| Verification for general page&apos;s elements" classname="Scenario: |/products-and-docs/apis/discovery/v2/| Verification for general page&apos;s elements" time="2.394"/>
  <testcase name="PD_DiscoveryAPIV2.story" classname="PD_DiscoveryAPIV2.story" time="2.463"/>
  <testcase name="Given open Commerce API page​" classname="bla.tm.definitions.site.products_and_docs.PD_ComerceAPIDefinition" time="6.807"/>
  <testcase name="When Commerce API menu has list of methods" classname="bla.tm.definitions.site.products_and_docs.PD_ComerceAPIDefinition" time="147.717"/>
  <testcase name="And open Getting Started page" classname="bla.tm.definitions.site.products_and_docs.PD_GettingStartedDefinition" time="0.651"/>
  <testcase name="Then all the Commerce API methods are shown on Getting Started page" classname="bla.tm.definitions.site.products_and_docs.PD_GettingStartedDefinition" time="54.982"/>
  <testcase name="Scenario: |/products-and-docs/apis/getting-started/| TKMDPA-874 Commerce API links in Available Resources table" classname="Scenario: |/products-and-docs/apis/getting-started/| TKMDPA-874 Commerce API links in Available Resources table" time="56.06"/>
  <testcase name="Given open Getting Started page" classname="bla.tm.definitions.site.products_and_docs.PD_GettingStartedDefinition" time="1.774"/>
  <testcase name="Then check general page elements for Getting Started Page, where DISQUS = true and LeftMenu = true" classname="bla.tm.definitions.site.products_and_docs.PD_GettingStartedDefinition" time="1.389"/>
  <testcase name="Scenario: |/products-and-docs/apis/getting-started/| Verification for general page&apos;s elements" classname="Scenario: |/products-and-docs/apis/getting-started/| Verification for general page&apos;s elements" time="1.416"/>
  <testcase name="PD_GettingStarted.story" classname="PD_GettingStarted.story" time="1.479"/>
  <testcase name="Given open International Discovery API page" classname="bla.tm.definitions.site.products_and_docs.PD_InternationalDiscoveryAPIDefinition" time="4.186"/>
  <testcase name="Then check general page elements for International Discovery API Page, where DISQUS = true and LeftMenu = true" classname="bla.tm.definitions.site.products_and_docs.PD_InternationalDiscoveryAPIDefinition" time="1.6"/>
  <testcase name="Scenario: |/products-and-docs/apis/international-discovery/| Verification for general page&apos;s elements" classname="Scenario: |/products-and-docs/apis/international-discovery/| Verification for general page&apos;s elements" time="1.706"/>
  <testcase name="PD_InternationalDiscoveryAPI.story" classname="PD_InternationalDiscoveryAPI.story" time="1.782"/>
  <testcase name="Given open Inventory Status API page" classname="bla.tm.definitions.site.products_and_docs.PD_InventoryStatusAPIDefinition" time="4.362"/>
  <testcase name="Then check general page elements for Inventory Status API Page, where DISQUS = true and LeftMenu = true" classname="bla.tm.definitions.site.products_and_docs.PD_InventoryStatusAPIDefinition" time="0.361"/>
  <testcase name="Scenario: |/products-and-docs/apis/inventory-status/| Verification for general page&apos;s elements" classname="Scenario: |/products-and-docs/apis/inventory-status/| Verification for general page&apos;s elements" time="0.407"/>
  <testcase name="PD_InventoryStatusAPI.story" classname="PD_InventoryStatusAPI.story" time="0.472"/>
  <testcase name="Given open Oauth API page" classname="bla.tm.definitions.site.products_and_docs.PD_OauthAPIDefinition" time="3.467"/>
  <testcase name="Then check general page elements for Oauth API Page, where DISQUS = true and LeftMenu = true" classname="bla.tm.definitions.site.products_and_docs.PD_OauthAPIDefinition" time="0.37"/>
  <testcase name="Scenario: |/products-and-docs/apis/oauth/| Verification for general page&apos;s elements" classname="Scenario: |/products-and-docs/apis/oauth/| Verification for general page&apos;s elements" time="0.392"/>
  <testcase name="PD_OauthAPI.story" classname="PD_OauthAPI.story" time="0.485"/>
  <testcase name="Given open Partner API page" classname="bla.tm.definitions.site.products_and_docs.PD_PartnerAPIDefinition" time="5.164"/>
  <testcase name="Then check general page elements for Partner API Page, where DISQUS = true and LeftMenu = true" classname="bla.tm.definitions.site.products_and_docs.PD_PartnerAPIDefinition" time="0.474"/>
  <testcase name="Scenario: |/products-and-docs/apis/partner/| Verification for general page&apos;s elements" classname="Scenario: |/products-and-docs/apis/partner/| Verification for general page&apos;s elements" time="0.502"/>
  <testcase name="PD_PartnerAPI.story" classname="PD_PartnerAPI.story" time="0.565"/>
  <testcase name="Given open Publish API page" classname="bla.tm.definitions.site.products_and_docs.PD_PublishAPIDefinition" time="2.534"/>
  <testcase name="Then check general page elements for Publish API Page, where DISQUS = true and LeftMenu = true" classname="bla.tm.definitions.site.products_and_docs.PD_PublishAPIDefinition" time="0.744"/>
  <testcase name="Scenario: |/products-and-docs/apis/publish/| Verification for general page&apos;s elements" classname="Scenario: |/products-and-docs/apis/publish/| Verification for general page&apos;s elements" time="0.848"/>
  <testcase name="PD_PublishAPI.story" classname="PD_PublishAPI.story" time="0.91"/>
  <testcase name="Given open SDKs page" classname="bla.tm.definitions.site.products_and_docs.PD_SDKsDefinition" time="2.937"/>
  <testcase name="Then check general page elements for SDKs Page, where DISQUS = true and LeftMenu = true" classname="bla.tm.definitions.site.products_and_docs.PD_SDKsDefinition" time="0.498"/>
  <testcase name="Scenario: |/products-and-docs/sdks/| Verification for general page&apos;s elements" classname="Scenario: |/products-and-docs/sdks/| Verification for general page&apos;s elements" time="0.556"/>
  <testcase name="Given open SDKs page​" classname="bla.tm.definitions.site.products_and_docs.PD_SDKsDefinition" time="2.19"/>
  <testcase name="When check visibility and click &lt;elementKey&gt; element of SDKs page" classname="bla.tm.definitions.site.products_and_docs.PD_SDKsDefinition" time="1.628"/>
  <testcase name="Then check that new page opened from SDKs page has &lt;pageURL&gt; and &lt;pageTitle&gt;" classname="bla.tm.definitions.site.products_and_docs.PD_SDKsDefinition" time="1.047"/>
  <testcase name="Given open SDKs page​​" classname="bla.tm.definitions.site.products_and_docs.PD_SDKsDefinition" time="1.911"/>
  <testcase name="When check visibility and click &lt;elementKey&gt; element of SDKs page​" classname="bla.tm.definitions.site.products_and_docs.PD_SDKsDefinition" time="1.617"/>
  <testcase name="Then check that new page opened from SDKs page has &lt;pageURL&gt; and &lt;pageTitle&gt;​" classname="bla.tm.definitions.site.products_and_docs.PD_SDKsDefinition" time="1.079"/>
  <testcase name="Given open SDKs page​​​" classname="bla.tm.definitions.site.products_and_docs.PD_SDKsDefinition" time="3.165"/>
  <testcase name="When check visibility and click &lt;elementKey&gt; element of SDKs page​​" classname="bla.tm.definitions.site.products_and_docs.PD_SDKsDefinition" time="1.197"/>
  <testcase name="Then check that new page opened from SDKs page has &lt;pageURL&gt; and &lt;pageTitle&gt;​​" classname="bla.tm.definitions.site.products_and_docs.PD_SDKsDefinition" time="1.083"/>
  <testcase name="Scenario: |products-and-docs/sdks/| Verification for all the page&apos;s links" classname="Scenario: |products-and-docs/sdks/| Verification for all the page&apos;s links" time="1.145"/>
  <testcase name="PD_SDKs.story" classname="PD_SDKs.story" time="1.147"/>
  <testcase name="Given open Season Ticketing API page" classname="bla.tm.definitions.site.products_and_docs.PD_SeasonTicketingAPIDefinition" time="4.465"/>
  <testcase name="Then check general page elements for Season Ticketing API Page, where DISQUS = true and LeftMenu = true" classname="bla.tm.definitions.site.products_and_docs.PD_SeasonTicketingAPIDefinition" time="0.339"/>
  <testcase name="Scenario: |/api-explorer/| Verification for general page&apos;s elements​" classname="Scenario: |/api-explorer/| Verification for general page&apos;s elements​" time="0.357"/>
  <testcase name="PD_SeasonTicketingAPI.story" classname="PD_SeasonTicketingAPI.story" time="0.419"/>
  <testcase name="Given open Top Picks API page" classname="bla.tm.definitions.site.products_and_docs.PD_TopPicksAPIDefinition" time="3.711"/>
  <testcase name="Then check general page elements for Top Picks API Page, where DISQUS = true and LeftMenu = true" classname="bla.tm.definitions.site.products_and_docs.PD_TopPicksAPIDefinition" time="0.203"/>
  <testcase name="Scenario: |/api-explorer/| Verification for general page&apos;s elements​​" classname="Scenario: |/api-explorer/| Verification for general page&apos;s elements​​" time="0.226"/>
  <testcase name="PD_TopPicksAPI.story" classname="PD_TopPicksAPI.story" time="0.29"/>
  <testcase name="Given open Tutorials page" classname="bla.tm.definitions.site.products_and_docs.PD_TutorialsDefinition" time="3.271"/>
  <testcase name="Then check general page elements for Tutorials Page, where DISQUS = false and LeftMenu = true" classname="bla.tm.definitions.site.products_and_docs.PD_TutorialsDefinition" time="10.246"/>
  <testcase name="Scenario: |/products-and-docs/tutorials/| Verification for general page&apos;s elements" classname="Scenario: |/products-and-docs/tutorials/| Verification for general page&apos;s elements" time="10.286"/>
  <testcase name="Given open Tutorials page​" classname="bla.tm.definitions.site.products_and_docs.PD_TutorialsDefinition" time="4.27"/>
  <testcase name="When check visibility and click &lt;elementKey&gt; element of Tutorials page" classname="bla.tm.definitions.site.products_and_docs.PD_TutorialsDefinition" time="1.33"/>
  <testcase name="Then check that new page opened from Tutorials page has &lt;pageURL&gt; and &lt;pageTitle&gt;" classname="bla.tm.definitions.site.products_and_docs.PD_TutorialsDefinition" time="0.053"/>
  <testcase name="Given open Tutorials page​​" classname="bla.tm.definitions.site.products_and_docs.PD_TutorialsDefinition" time="2.132"/>
  <testcase name="When check visibility and click &lt;elementKey&gt; element of Tutorials page​" classname="bla.tm.definitions.site.products_and_docs.PD_TutorialsDefinition" time="1.56"/>
  <testcase name="Then check that new page opened from Tutorials page has &lt;pageURL&gt; and &lt;pageTitle&gt;​" classname="bla.tm.definitions.site.products_and_docs.PD_TutorialsDefinition" time="0.027"/>
  <testcase name="Given open Tutorials page​​​" classname="bla.tm.definitions.site.products_and_docs.PD_TutorialsDefinition" time="2.317"/>
  <testcase name="When check visibility and click &lt;elementKey&gt; element of Tutorials page​​" classname="bla.tm.definitions.site.products_and_docs.PD_TutorialsDefinition" time="1.698"/>
  <testcase name="Then check that new page opened from Tutorials page has &lt;pageURL&gt; and &lt;pageTitle&gt;​​" classname="bla.tm.definitions.site.products_and_docs.PD_TutorialsDefinition" time="0.059"/>
  <testcase name="Given open Tutorials page​​​​" classname="bla.tm.definitions.site.products_and_docs.PD_TutorialsDefinition" time="2.151"/>
  <testcase name="When check visibility and click &lt;elementKey&gt; element of Tutorials page​​​" classname="bla.tm.definitions.site.products_and_docs.PD_TutorialsDefinition" time="3.095"/>
  <testcase name="Then check that new page opened from Tutorials page has &lt;pageURL&gt; and &lt;pageTitle&gt;​​​" classname="bla.tm.definitions.site.products_and_docs.PD_TutorialsDefinition" time="0.041"/>
  <testcase name="Given open Tutorials page​​​​​" classname="bla.tm.definitions.site.products_and_docs.PD_TutorialsDefinition" time="3.133"/>
  <testcase name="When check visibility and click &lt;elementKey&gt; element of Tutorials page​​​​" classname="bla.tm.definitions.site.products_and_docs.PD_TutorialsDefinition" time="0.739"/>
  <testcase name="Then check that new page opened from Tutorials page has &lt;pageURL&gt; and &lt;pageTitle&gt;​​​​" classname="bla.tm.definitions.site.products_and_docs.PD_TutorialsDefinition" time="2.585"/>
  <testcase name="Given open Tutorials page​​​​​​" classname="bla.tm.definitions.site.products_and_docs.PD_TutorialsDefinition" time="3.017"/>
  <testcase name="When check visibility and click &lt;elementKey&gt; element of Tutorials page​​​​​" classname="bla.tm.definitions.site.products_and_docs.PD_TutorialsDefinition" time="0.716"/>
  <testcase name="Then check that new page opened from Tutorials page has &lt;pageURL&gt; and &lt;pageTitle&gt;​​​​​" classname="bla.tm.definitions.site.products_and_docs.PD_TutorialsDefinition" time="2.903"/>
  <testcase name="Given open Tutorials page​​​​​​​" classname="bla.tm.definitions.site.products_and_docs.PD_TutorialsDefinition" time="2.544"/>
  <testcase name="When check visibility and click &lt;elementKey&gt; element of Tutorials page​​​​​​" classname="bla.tm.definitions.site.products_and_docs.PD_TutorialsDefinition" time="2.271"/>
  <testcase name="Then check that new page opened from Tutorials page has &lt;pageURL&gt; and &lt;pageTitle&gt;​​​​​​" classname="bla.tm.definitions.site.products_and_docs.PD_TutorialsDefinition" time="0.325"/>
  <testcase name="Given open Tutorials page​​​​​​​​" classname="bla.tm.definitions.site.products_and_docs.PD_TutorialsDefinition" time="1.723"/>
  <testcase name="When check visibility and click &lt;elementKey&gt; element of Tutorials page​​​​​​​" classname="bla.tm.definitions.site.products_and_docs.PD_TutorialsDefinition" time="1.484"/>
  <testcase name="Then check that new page opened from Tutorials page has &lt;pageURL&gt; and &lt;pageTitle&gt;​​​​​​​" classname="bla.tm.definitions.site.products_and_docs.PD_TutorialsDefinition" time="0.041"/>
  <testcase name="Given open Tutorials page​​​​​​​​​" classname="bla.tm.definitions.site.products_and_docs.PD_TutorialsDefinition" time="1.755"/>
  <testcase name="When check visibility and click &lt;elementKey&gt; element of Tutorials page​​​​​​​​" classname="bla.tm.definitions.site.products_and_docs.PD_TutorialsDefinition" time="3.21"/>
  <testcase name="Then check that new page opened from Tutorials page has &lt;pageURL&gt; and &lt;pageTitle&gt;​​​​​​​​" classname="bla.tm.definitions.site.products_and_docs.PD_TutorialsDefinition" time="0.223"/>
  <testcase name="Scenario: |/products-and-docs/tutorials/| Verification for all the page&apos;s links" classname="Scenario: |/products-and-docs/tutorials/| Verification for all the page&apos;s links" time="0.326"/>
  <testcase name="PD_Tutorials.story" classname="PD_Tutorials.story" time="0.327"/>
  <testcase name="Given open Tutorials EventSearch page" classname="bla.tm.definitions.site.products_and_docs.PD_Tutorials_EventSearchDefinition" time="1.784"/>
  <testcase name="Then check general page elements for Tutorials EventSearch Page, where DISQUS = false and LeftMenu = true" classname="bla.tm.definitions.site.products_and_docs.PD_Tutorials_EventSearchDefinition" time="10.195"/>
  <testcase name="Scenario: |/products-and-docs/tutorials/events-search/| Verification for general page&apos;s elements" classname="Scenario: |/products-and-docs/tutorials/events-search/| Verification for general page&apos;s elements" time="10.221"/>
  <testcase name="Given open Tutorials EventSearch page​" classname="bla.tm.definitions.site.products_and_docs.PD_Tutorials_EventSearchDefinition" time="2.616"/>
[...]
  <testcase name="And use GeoPosition on Event Discovery Widget page​​​" classname="bla.tm.definitions.site.widgets.EventDiscoveryWidgetDefinition" time="0.431"/>
  <testcase name="And set Radius &lt;setValue&gt; on Event Discovery Widget page​​​" classname="bla.tm.definitions.site.widgets.EventDiscoveryWidgetDefinition" time="0.987"/>
  <testcase name="And set Radius &lt;setValue&gt; on Event Discovery Widget page​​​" classname="bla.tm.definitions.site.widgets.EventDiscoveryWidgetDefinition" time="0.737"/>
  <testcase name="And set Radius &lt;setValue&gt; on Event Discovery Widget page​​​" classname="bla.tm.definitions.site.widgets.EventDiscoveryWidgetDefinition" time="0.793"/>
  <testcase name="And set Radius &lt;setValue&gt; on Event Discovery Widget page​​​" classname="bla.tm.definitions.site.widgets.EventDiscoveryWidgetDefinition" time="0.708"/>
  <testcase name="Then Radius value is &lt;actualValue&gt; on Event Discovery Widget page​​​" classname="bla.tm.definitions.site.widgets.EventDiscoveryWidgetDefinition" time="0.074"/>
  <testcase name="Then Radius value is &lt;actualValue&gt; on Event Discovery Widget page​​​" classname="bla.tm.definitions.site.widgets.EventDiscoveryWidgetDefinition" time="0.996"/>
  <testcase name="Then Radius value is &lt;actualValue&gt; on Event Discovery Widget page​​​" classname="bla.tm.definitions.site.widgets.EventDiscoveryWidgetDefinition" time="0.226"/>
  <testcase name="Then Radius value is &lt;actualValue&gt; on Event Discovery Widget page​​​" classname="bla.tm.definitions.site.widgets.EventDiscoveryWidgetDefinition" time="0.236"/>
  <testcase name="Then Radius value is &lt;actualValue&gt; on Event Discovery Widget page​​​" classname="bla.tm.definitions.site.widgets.EventDiscoveryWidgetDefinition" time="0.883"/>
  <testcase name="Then Radius value is &lt;actualValue&gt; on Event Discovery Widget page​​​" classname="bla.tm.definitions.site.widgets.EventDiscoveryWidgetDefinition" time="0.566"/>
  <testcase name="Then Radius value is &lt;actualValue&gt; on Event Discovery Widget page​​​" classname="bla.tm.definitions.site.widgets.EventDiscoveryWidgetDefinition" time="0.174"/>
  <testcase name="Then Radius value is &lt;actualValue&gt; on Event Discovery Widget page​​​" classname="bla.tm.definitions.site.widgets.EventDiscoveryWidgetDefinition" time="0.911"/>
  <testcase name="Then Radius value is &lt;actualValue&gt; on Event Discovery Widget page​​​" classname="bla.tm.definitions.site.widgets.EventDiscoveryWidgetDefinition" time="0.295"/>
  <testcase name="Then Radius value is &lt;actualValue&gt; on Event Discovery Widget page​​​" classname="bla.tm.definitions.site.widgets.EventDiscoveryWidgetDefinition" time="0.07"/>
  <testcase name="Scenario: |/products-and-docs/widgets/event-discovery/| TECHNICAL TAB - Check boundary values of RADIUS" classname="Scenario: |/products-and-docs/widgets/event-discovery/| TECHNICAL TAB - Check boundary values of RADIUS" time="0.141"/>
  <testcase name="Given open Event Discovery Widget page​​​​​​​​​​​​​​​​​" classname="bla.tm.definitions.site.products_and_docs.PD_Widget_EventDiscoveryDefinition" time="6.874"/>
  <testcase name="And store all fields values on the Event Discovery Widget page​" classname="bla.tm.definitions.site.widgets.EventDiscoveryWidgetDefinition" time="0.234"/>
  <testcase name="And change all possible fields on the Event Discovery Widget page:​" classname="bla.tm.definitions.site.widgets.EventDiscoveryWidgetDefinition" time="0.84"/>
  <testcase name="Scenario: |/products-and-docs/widgets/event-discovery/| TECHNICAL TAB - Check that RESET button works properly" classname="Scenario: |/products-and-docs/widgets/event-discovery/| TECHNICAL TAB - Check that RESET button works properly" time="0.861"/>
  <testcase name="Scenario: |/products-and-docs/widgets/event-discovery/| TECHNICAL TAB - Check links" classname="Scenario: |/products-and-docs/widgets/event-discovery/| TECHNICAL TAB - Check links" time="0.133"/>
  <testcase name="Given open Event Discovery Widget page​​​​​​​​​​​​​​​​​​​" classname="bla.tm.definitions.site.products_and_docs.PD_Widget_EventDiscoveryDefinition" time="3.9"/>
  <testcase name="And switch to VISUAL Tab​​​​​​​" classname="bla.tm.definitions.site.widgets.CountdownWidgetDefinition" time="0.519"/>
  <testcase name="And set theme to poster" classname="bla.tm.definitions.site.widgets.CountdownWidgetDefinition" time="0.478"/>
  <testcase name="And set layout resolution to &lt;layoutResolution&gt;​​​​" classname="bla.tm.definitions.site.widgets.CountdownWidgetDefinition" time="0.746"/>
  <testcase name="When click on &quot;Get code&quot; button​​​​​​​​​​​" classname="bla.tm.definitions.site.widgets.CountdownWidgetDefinition" time="1.223"/>
  <testcase name="Then the pop-up Embedded Code is opened​​​​​​​​​​​​​" classname="bla.tm.definitions.site.widgets.CountdownWidgetDefinition" time="0.515"/>
  <testcase name="And embedded html code contains stored layout resolution​​​​" classname="bla.tm.definitions.site.widgets.CountdownWidgetDefinition" time="0.06"/>
  <testcase name="Given open Event Discovery Widget page​​​​​​​​​​​​​​​​​​​​" classname="bla.tm.definitions.site.products_and_docs.PD_Widget_EventDiscoveryDefinition" time="5.302"/>
  <testcase name="And switch to VISUAL Tab​​​​​​​​" classname="bla.tm.definitions.site.widgets.CountdownWidgetDefinition" time="0.177"/>
  <testcase name="And set theme to poster​" classname="bla.tm.definitions.site.widgets.CountdownWidgetDefinition" time="0.506"/>
  <testcase name="And set layout resolution to &lt;layoutResolution&gt;​​​​​" classname="bla.tm.definitions.site.widgets.CountdownWidgetDefinition" time="0.747"/>
  <testcase name="When click on &quot;Get code&quot; button​​​​​​​​​​​​" classname="bla.tm.definitions.site.widgets.CountdownWidgetDefinition" time="0.906"/>
  <testcase name="Then the pop-up Embedded Code is opened​​​​​​​​​​​​​​" classname="bla.tm.definitions.site.widgets.CountdownWidgetDefinition" time="1.011"/>
  <testcase name="And embedded html code contains stored layout resolution​​​​​" classname="bla.tm.definitions.site.widgets.CountdownWidgetDefinition" time="0.058"/>
  <testcase name="And embedded html code contains stored layout resolution​​​​​" classname="bla.tm.definitions.site.widgets.CountdownWidgetDefinition" time="4.52"/>
  <testcase name="And embedded html code contains stored layout resolution​​​​​" classname="bla.tm.definitions.site.widgets.CountdownWidgetDefinition" time="0.521"/>
  <testcase name="And embedded html code contains stored layout resolution​​​​​" classname="bla.tm.definitions.site.widgets.CountdownWidgetDefinition" time="0.913"/>
  <testcase name="Scenario: |/products-and-docs/widgets/event-discovery/| VISUAL TAB - Check Layout Resolutions" classname="Scenario: |/products-and-docs/widgets/event-discovery/| VISUAL TAB - Check Layout Resolutions" time="0.121"/>
  <testcase name="Scenario: |/products-and-docs/widgets/event-discovery/| VISUAL TAB - Check Layout Orientations" classname="Scenario: |/products-and-docs/widgets/event-discovery/| VISUAL TAB - Check Layout Orientations" time="0.935"/>
  <testcase name="EventDiscoveryWidget.story" classname="EventDiscoveryWidget.story" time="0.999"/>
  <testcase name="Given open Tutorials Widgets page​​​​" classname="bla.tm.definitions.site.products_and_docs.PD_Tutorials_WidgetsDefinition" time="2.016"/>
  <testcase name="[PENDING] And Feedback widget is not shown" classname="[PENDING] And Feedback widget is not shown" time="0">
    <skipped/>
    <system-out><![CDATA[And Feedback widget is not shown (PENDING)
]]></system-out>
  </testcase>
  <testcase name="When click Feedback button of Tutorials Widgets page" classname="bla.tm.definitions.site.products_and_docs.PD_Tutorials_WidgetsDefinition" time="0">
    <skipped/>
    <system-out><![CDATA[When click Feedback button of Tutorials Widgets page (NOT PERFORMED)
]]></system-out>
    <system-err><![CDATA[[pool-1-thread-1] INFO net.serenitybdd.core.Serenity - TEST PENDING
]]></system-err>
  </testcase>
  <testcase name="[PENDING] Then Feedback widget elements are shown" classname="[PENDING] Then Feedback widget elements are shown" time="0">
    <skipped/>
    <system-out><![CDATA[Then Feedback widget elements are shown (PENDING)
]]></system-out>
  </testcase>
  <testcase name="Scenario: |feedback widget| Check that Feedback widget Elements are shown" classname="Scenario: |feedback widget| Check that Feedback widget Elements are shown" time="2.035"/>
  <testcase name="Given open Tutorials Widgets page​​​​​" classname="bla.tm.definitions.site.products_and_docs.PD_Tutorials_WidgetsDefinition" time="1.652"/>
  <testcase name="When click Feedback button of Tutorials Widgets page​" classname="bla.tm.definitions.site.products_and_docs.PD_Tutorials_WidgetsDefinition" time="0.117"/>
  <testcase name="[PENDING] Then click close button of Feedback widget" classname="[PENDING] Then click close button of Feedback widget" time="0">
    <skipped/>
    <system-out><![CDATA[Then click close button of Feedback widget (PENDING)
]]></system-out>
  </testcase>
  <testcase name="[PENDING] And Feedback widget is not shown​" classname="[PENDING] And Feedback widget is not shown​" time="0">
    <skipped/>
    <system-out><![CDATA[And Feedback widget is not shown (PENDING)
]]></system-out>
    <system-err><![CDATA[[pool-1-thread-1] INFO net.serenitybdd.core.Serenity - TEST PENDING
]]></system-err>
  </testcase>
  <testcase name="Scenario: |feedback widget| Feedback widget Close button" classname="Scenario: |feedback widget| Feedback widget Close button" time="0.129"/>
  <testcase name="Given open Tutorials Widgets page​​​​​​" classname="bla.tm.definitions.site.products_and_docs.PD_Tutorials_WidgetsDefinition" time="2.204"/>
  <testcase name="And click Feedback button of Tutorials Widgets page" classname="bla.tm.definitions.site.products_and_docs.PD_Tutorials_WidgetsDefinition" time="0.119"/>
  <testcase name="When all fields except Name are populated" classname="bla.tm.definitions.site.products_and_docs.PD_Tutorials_WidgetsDefinition" time="0.826"/>
  <testcase name="[PENDING] And click send button of Feedback widget" classname="[PENDING] And click send button of Feedback widget" time="0">
    <skipped/>
    <system-out><![CDATA[And click send button of Feedback widget (PENDING)
]]></system-out>
  </testcase>
  <testcase name="[PENDING] Then error notification is shown for Feedback widget" classname="[PENDING] Then error notification is shown for Feedback widget" time="0">
    <skipped/>
    <system-out><![CDATA[Then error notification is shown for Feedback widget (PENDING)
]]></system-out>
    <system-err><![CDATA[[pool-1-thread-1] INFO net.serenitybdd.core.Serenity - TEST PENDING
]]></system-err>
  </testcase>
  <testcase name="Scenario: |feedback widget| Feedback widget error notifications for NAME field" classname="Scenario: |feedback widget| Feedback widget error notifications for NAME field" time="0.836"/>
  <testcase name="Given open Tutorials Widgets page​​​​​​​" classname="bla.tm.definitions.site.products_and_docs.PD_Tutorials_WidgetsDefinition" time="1.5"/>
  <testcase name="And click Feedback button of Tutorials Widgets page​" classname="bla.tm.definitions.site.products_and_docs.PD_Tutorials_WidgetsDefinition" time="0.133"/>
  <testcase name="When all fields except Email are populated" classname="bla.tm.definitions.site.products_and_docs.PD_Tutorials_WidgetsDefinition" time="0.511"/>
  <testcase name="[PENDING] And click send button of Feedback widget​" classname="[PENDING] And click send button of Feedback widget​" time="0">
    <skipped/>
    <system-out><![CDATA[And click send button of Feedback widget (PENDING)
]]></system-out>
  </testcase>
  <testcase name="[PENDING] Then error notification is shown for Feedback widget​" classname="[PENDING] Then error notification is shown for Feedback widget​" time="0">
    <skipped/>
    <system-out><![CDATA[Then error notification is shown for Feedback widget (PENDING)
]]></system-out>
    <system-err><![CDATA[[pool-1-thread-1] INFO net.serenitybdd.core.Serenity - TEST PENDING
]]></system-err>
  </testcase>
  <testcase name="Scenario: |feedback widget| Feedback widget error notifications for Email field" classname="Scenario: |feedback widget| Feedback widget error notifications for Email field" time="0.523"/>
  <testcase name="FeedbackWidget.story" classname="FeedbackWidget.story" time="0.583"/>
  <testcase name="Given open Map Widget page" classname="bla.tm.definitions.site.products_and_docs.PD_Widget_MapDefinition" time="4.672"/>
  <testcase name="Then the required fields are not empty on the Map Widget page" classname="bla.tm.definitions.site.products_and_docs.PD_Widget_MapDefinition" time="0.129"/>
  <testcase name="Scenario: |/products-and-docs/widgets/map/| [3.7.1 Map widget : Check that required fields are not empty]" classname="Scenario: |/products-and-docs/widgets/map/| [3.7.1 Map widget : Check that required fields are not empty]" time="0.156"/>
  <testcase name="Given open Map Widget page​" classname="bla.tm.definitions.site.products_and_docs.PD_Widget_MapDefinition" time="3.947"/>
  <testcase name="And change all possible fields on the Map Widget page:" classname="bla.tm.definitions.site.products_and_docs.PD_Widget_MapDefinition" time="7.125"/>
  <testcase name="And store all fields values on the Map Widget page" classname="bla.tm.definitions.site.products_and_docs.PD_Widget_MapDefinition" time="0.537"/>
  <testcase name="When click on &quot;Get code&quot; button​​​​​​​​​​​​​​​​" classname="bla.tm.definitions.site.widgets.CountdownWidgetDefinition" time="0.958"/>
  <testcase name="Then the pop-up Embedded Code is opened​​​​​​​​​​​​​​​​​​" classname="bla.tm.definitions.site.widgets.CountdownWidgetDefinition" time="0.386"/>
  <testcase name="And embedded html code contains stored values on the Map Widget page" classname="bla.tm.definitions.site.products_and_docs.PD_Widget_MapDefinition" time="1.317"/>
  <testcase name="Scenario: |/products-and-docs/widgets/map/| [3.7.2 Map widget : Embedded code functionality works properly]" classname="Scenario: |/products-and-docs/widgets/map/| [3.7.2 Map widget : Embedded code functionality works properly]" time="1.347"/>
  <testcase name="Given open Map Widget page​​" classname="bla.tm.definitions.site.products_and_docs.PD_Widget_MapDefinition" time="6.181"/>
  <testcase name="And store values on Map Widget page: apiKey,keyword,zipCode" classname="bla.tm.definitions.site.products_and_docs.PD_Widget_MapDefinition" time="0.237"/>
  <testcase name="And change values for on Map Widget page: apiKey,keyword,zipCode" classname="bla.tm.definitions.site.products_and_docs.PD_Widget_MapDefinition" time="2.167"/>
  <testcase name="When click reset button​​" classname="bla.tm.definitions.site.widgets.CountdownWidgetDefinition" time="1.713"/>
  <testcase name="Then values equals to stored values of fields on Map Widget page: apiKey,keyword,zipCode" classname="bla.tm.definitions.site.products_and_docs.PD_Widget_MapDefinition" time="0.541"/>
  <testcase name="Scenario: |/products-and-docs/widgets/map/| [3.7.3 Map widget : Check RESET button functionality]" classname="Scenario: |/products-and-docs/widgets/map/| [3.7.3 Map widget : Check RESET button functionality]" time="0.565"/>
  <testcase name="Given open Map Widget page​​​" classname="bla.tm.definitions.site.products_and_docs.PD_Widget_MapDefinition" time="2.953"/>
  <testcase name="And store values on Map Widget page: apiKey,keyword,zipCode​" classname="bla.tm.definitions.site.products_and_docs.PD_Widget_MapDefinition" time="1.51"/>
  <testcase name="And change values for on Map Widget page: apiKey,keyword,zipCode​" classname="bla.tm.definitions.site.products_and_docs.PD_Widget_MapDefinition" time="2.548"/>
  <testcase name="When click reset button​​​" classname="bla.tm.definitions.site.widgets.CountdownWidgetDefinition" time="1.767"/>
  <testcase name="And click on &quot;Get code&quot; button​​" classname="bla.tm.definitions.site.widgets.CountdownWidgetDefinition" time="0.925"/>
  <testcase name="Then the pop-up Embedded Code is opened​​​​​​​​​​​​​​​​​​​" classname="bla.tm.definitions.site.widgets.CountdownWidgetDefinition" time="0.347"/>
  <testcase name="And embedded html code on Map Widget contains stored values of: apiKey,keyword,zipCode" classname="bla.tm.definitions.site.products_and_docs.PD_Widget_MapDefinition" time="0.348"/>
  <testcase name="Scenario: |/products-and-docs/widgets/map/| [3.7.4 Map widget : Check RESET button functionality on embedded pop-up window]" classname="Scenario: |/products-and-docs/widgets/map/| [3.7.4 Map widget : Check RESET button functionality on embedded pop-up window]" time="0.376"/>
  <testcase name="Given open Map Widget page​​​​" classname="bla.tm.definitions.site.products_and_docs.PD_Widget_MapDefinition" time="4.103"/>
  <testcase name="When I click on the &apos;Get your own&apos; link to get api key​​​" classname="bla.tm.definitions.site.widgets.CountdownWidgetDefinition" time="0.239"/>
  <testcase name="Then The page is opened with url https://developer-acct.ticketmaster.com​​​" classname="bla.tm.definitions.site.widgets.CountdownWidgetDefinition" time="0.702"/>
  <testcase name="Scenario: |/products-and-docs/widgets/map/| [3.7.7 Map widget : Check links]" classname="Scenario: |/products-and-docs/widgets/map/| [3.7.7 Map widget : Check links]" time="0.722"/>
  <testcase name="Given open Map Widget page​​​​​" classname="bla.tm.definitions.site.products_and_docs.PD_Widget_MapDefinition" time="3.712"/>
  <testcase name="And enter custom ApiKey invalidApiKey123​" classname="bla.tm.definitions.site.widgets.CountdownWidgetDefinition" time="0.259"/>
  <testcase name="Then the event message is shown &quot;No results were found&quot;​​​" classname="bla.tm.definitions.site.widgets.CountdownWidgetDefinition" time="0.846"/>
  <testcase name="Scenario: |/products-and-docs/widgets/map/| Event message - Check event message for invalid API Key" classname="Scenario: |/products-and-docs/widgets/map/| Event message - Check event message for invalid API Key" time="0.864"/>
  <testcase name="MapWidget.story" classname="MapWidget.story" time="0.929"/>
  <testcase name="Given open Getting Started page​​​​​" classname="bla.tm.definitions.site.products_and_docs.PD_GettingStartedDefinition" time="4.914"/>
  <testcase name="Then Summary widget is shown for Getting Started page" classname="bla.tm.definitions.site.products_and_docs.PD_GettingStartedDefinition" time="0.078"/>
  <testcase name="Scenario: |summary widget| TKMDPA-870 Summary widget check for Getting Started page" classname="Scenario: |summary widget| TKMDPA-870 Summary widget check for Getting Started page" time="0.1"/>
  <testcase name="Given open Home page​​​​​​​​​​​​​​​​​​" classname="bla.tm.definitions.site.HomePageDefinition" time="3.314"/>
  <testcase name="Then Summary widget is shown for Home page" classname="bla.tm.definitions.site.HomePageDefinition" time="0.08"/>
  <testcase name="Scenario: |summary widget| TKMDPA-870 Summary widget check for Home page" classname="Scenario: |summary widget| TKMDPA-870 Summary widget check for Home page" time="0.202"/>
  <testcase name="Given open API Explorer page​​​" classname="bla.tm.definitions.site.products_and_docs.PD_APIExplorerDefinition" time="3.708"/>
  <testcase name="Then Summary widget is shown for API Explorer page" classname="bla.tm.definitions.site.products_and_docs.PD_APIExplorerDefinition" time="0.124"/>
  <testcase name="Scenario: |summary widget| TKMDPA-870 Summary widget check for API Explorer page" classname="Scenario: |summary widget| TKMDPA-870 Summary widget check for API Explorer page" time="0.147"/>
  <testcase name="SummaryWidget.story" classname="SummaryWidget.story" time="0.656"/>
  <testcase name="AfterStories" classname="java.lang.Object" time="0"/>
</testsuite>